<?xml version="1.0" encoding="UTF-8"?>
<robot generator="Robot 3.2.2 (Python 3.8.5 on win32)" generated="20201204 11:37:26.471" rpa="false">
<suite id="s1" name="SmokeTest" source="C:\Users\nshinde\PycharmProjects\AutomATAhon\RFProject\Project1\tests\SmokeTest.robot">
<kw name="Before Suite Start" library="common_keywords" type="setup">
<doc>Before start of Test Suite run
Author : Niket Shinde</doc>
<kw name="Replace String" library="String">
<doc>Replaces ``search_for`` in the given ``string`` with ``replace_with``.</doc>
<arguments>
<arg>C:\\Users\\nshinde\\PycharmProjects\\AutomATAhon\\RFProject\\framework\\rflib</arg>
<arg>\\rflib</arg>
<arg>${EMPTY}</arg>
</arguments>
<assign>
<var>${str}</var>
</assign>
<msg timestamp="20201204 11:37:27.081" level="INFO">${str} = C:\Users\nshinde\PycharmProjects\AutomATAhon\RFProject\framework</msg>
<status status="PASS" starttime="20201204 11:37:27.081" endtime="20201204 11:37:27.081"></status>
</kw>
<kw name="Set Global Variable" library="BuiltIn">
<doc>Makes a variable available globally in all tests and suites.</doc>
<arguments>
<arg>${FRAMEWORK_PATH}</arg>
<arg>${str}</arg>
</arguments>
<msg timestamp="20201204 11:37:27.081" level="INFO">${FRAMEWORK_PATH} = C:\Users\nshinde\PycharmProjects\AutomATAhon\RFProject\framework</msg>
<status status="PASS" starttime="20201204 11:37:27.081" endtime="20201204 11:37:27.082"></status>
</kw>
<kw name="Concatenate String" library="generic">
<doc>Author : Niket Shinde
Description : Marge multiple strings  to to_dict
:param args: string sequences
:return: Marged string</doc>
<arguments>
<arg>${FRAMEWORK_PATH}</arg>
<arg>\\config\\${GLOBAL_ENVIRONMENT_FILE_NAME}</arg>
</arguments>
<assign>
<var>${iniFilePath}</var>
</assign>
<msg timestamp="20201204 11:37:27.082" level="INFO">${iniFilePath} = C:\Users\nshinde\PycharmProjects\AutomATAhon\RFProject\framework\config\settting.ini</msg>
<status status="PASS" starttime="20201204 11:37:27.082" endtime="20201204 11:37:27.082"></status>
</kw>
<kw name="Ini To Dictionary" library="generic">
<doc>Author : Niket Shinde
Description : get data from INI file to dictionary
:param int_file_path: path of INI file
:param section:
:return: dictionary</doc>
<arguments>
<arg>${iniFilePath}</arg>
<arg>Settings</arg>
</arguments>
<assign>
<var>${RUN_SETTINGS}</var>
</assign>
<msg timestamp="20201204 11:37:27.082" level="INFO">${RUN_SETTINGS} = {'PROJECT_NAME': 'Project1'}</msg>
<status status="PASS" starttime="20201204 11:37:27.082" endtime="20201204 11:37:27.082"></status>
</kw>
<kw name="Set Global Variable" library="BuiltIn">
<doc>Makes a variable available globally in all tests and suites.</doc>
<arguments>
<arg>${PROJECT_NAME}</arg>
<arg>${RUN_SETTINGS['PROJECT_NAME']}</arg>
</arguments>
<msg timestamp="20201204 11:37:27.083" level="INFO">${PROJECT_NAME} = Project1</msg>
<status status="PASS" starttime="20201204 11:37:27.082" endtime="20201204 11:37:27.083"></status>
</kw>
<kw name="Replace String" library="String">
<doc>Replaces ``search_for`` in the given ``string`` with ``replace_with``.</doc>
<arguments>
<arg>${FRAMEWORK_PATH}</arg>
<arg>${FRAMEWORK_NAME}</arg>
<arg>${EMPTY}</arg>
</arguments>
<assign>
<var>${str}</var>
</assign>
<msg timestamp="20201204 11:37:27.083" level="INFO">${str} = C:\Users\nshinde\PycharmProjects\AutomATAhon\RFProject\</msg>
<status status="PASS" starttime="20201204 11:37:27.083" endtime="20201204 11:37:27.083"></status>
</kw>
<kw name="Set Global Variable" library="BuiltIn">
<doc>Makes a variable available globally in all tests and suites.</doc>
<arguments>
<arg>${PROJECT_PATH}</arg>
<arg>${str}${PROJECT_NAME}</arg>
</arguments>
<msg timestamp="20201204 11:37:27.084" level="INFO">${PROJECT_PATH} = C:\Users\nshinde\PycharmProjects\AutomATAhon\RFProject\Project1</msg>
<status status="PASS" starttime="20201204 11:37:27.083" endtime="20201204 11:37:27.084"></status>
</kw>
<kw name="Concatenate String" library="generic">
<doc>Author : Niket Shinde
Description : Marge multiple strings  to to_dict
:param args: string sequences
:return: Marged string</doc>
<arguments>
<arg>${PROJECT_PATH}</arg>
<arg>\\environment\\${PROJECT_ENVIRONMENT_FILE_NAME}</arg>
</arguments>
<assign>
<var>${iniFilePath}</var>
</assign>
<msg timestamp="20201204 11:37:27.084" level="INFO">${iniFilePath} = C:\Users\nshinde\PycharmProjects\AutomATAhon\RFProject\Project1\environment\environment.ini</msg>
<status status="PASS" starttime="20201204 11:37:27.084" endtime="20201204 11:37:27.084"></status>
</kw>
<kw name="Ini To Dictionary" library="generic">
<doc>Author : Niket Shinde
Description : get data from INI file to dictionary
:param int_file_path: path of INI file
:param section:
:return: dictionary</doc>
<arguments>
<arg>${iniFilePath}</arg>
<arg>ProjectSettings</arg>
<arg>${RUN_SETTINGS}</arg>
</arguments>
<assign>
<var>${RUN_SETTINGS}</var>
</assign>
<msg timestamp="20201204 11:37:27.085" level="INFO">${RUN_SETTINGS} = {'PROJECT_NAME': 'Project1', 'ENVIRONMENT': 'QA', 'BROWSER': 'Chrome', 'WAIT': '30s', 'IMPLICIT_WAIT': '30 seconds', 'LOG_LEVEL': 'TRACE', 'CSV_DILIMITER': '|', 'DATA_FILE_NAME': 'global_data.csv', 'W...</msg>
<status status="PASS" starttime="20201204 11:37:27.084" endtime="20201204 11:37:27.085"></status>
</kw>
<kw name="Set Global Variable" library="BuiltIn">
<doc>Makes a variable available globally in all tests and suites.</doc>
<arguments>
<arg>${RUN_SETTINGS}</arg>
</arguments>
<msg timestamp="20201204 11:37:27.085" level="INFO">${RUN_SETTINGS} = {'PROJECT_NAME': 'Project1', 'ENVIRONMENT': 'QA', 'BROWSER': 'Chrome', 'WAIT': '30s', 'IMPLICIT_WAIT': '30 seconds', 'LOG_LEVEL': 'TRACE', 'CSV_DILIMITER': '|', 'DATA_FILE_NAME': 'global_data.csv', 'W...</msg>
<status status="PASS" starttime="20201204 11:37:27.085" endtime="20201204 11:37:27.085"></status>
</kw>
<kw name="Set All Global Variables" library="common_keywords">
<doc>Set values for all Global Variables
Author : Niket Shinde</doc>
<kw name="Set Value" library="generic">
<doc>Author : Niket Shinde
:param variable:
:param value_from:
:param key:
:return:</doc>
<arguments>
<arg>${ENV}</arg>
<arg>${RUN_SETTINGS['ENVIRONMENT']}</arg>
</arguments>
<assign>
<var>${ENV}</var>
</assign>
<msg timestamp="20201204 11:37:27.085" level="INFO">${ENV} = QA</msg>
<status status="PASS" starttime="20201204 11:37:27.085" endtime="20201204 11:37:27.086"></status>
</kw>
<kw name="Get Variable Value" library="BuiltIn">
<doc>Returns variable value or ``default`` if the variable does not exist.</doc>
<arguments>
<arg>${ET}</arg>
<arg>${ENV}</arg>
</arguments>
<assign>
<var>${ENV}</var>
</assign>
<msg timestamp="20201204 11:37:27.086" level="INFO">${ENV} = QA</msg>
<status status="PASS" starttime="20201204 11:37:27.086" endtime="20201204 11:37:27.086"></status>
</kw>
<kw name="Set Global Variable" library="BuiltIn">
<doc>Makes a variable available globally in all tests and suites.</doc>
<arguments>
<arg>${ENV}</arg>
</arguments>
<msg timestamp="20201204 11:37:27.087" level="INFO">${ENV} = QA</msg>
<status status="PASS" starttime="20201204 11:37:27.087" endtime="20201204 11:37:27.087"></status>
</kw>
<kw name="Set Suite Metadata" library="BuiltIn">
<doc>Sets metadata for the current test suite.</doc>
<arguments>
<arg>Environment</arg>
<arg>${ENV}</arg>
</arguments>
<msg timestamp="20201204 11:37:27.087" level="INFO">Set suite metadata 'Environment' to value 'QA'.</msg>
<status status="PASS" starttime="20201204 11:37:27.087" endtime="20201204 11:37:27.087"></status>
</kw>
<kw name="Set Suite Metadata" library="BuiltIn">
<doc>Sets metadata for the current test suite.</doc>
<arguments>
<arg>Executed By</arg>
<arg>%{USERNAME}</arg>
</arguments>
<msg timestamp="20201204 11:37:27.087" level="INFO">Set suite metadata 'Executed By' to value 'nshinde'.</msg>
<status status="PASS" starttime="20201204 11:37:27.087" endtime="20201204 11:37:27.087"></status>
</kw>
<kw name="Set Value" library="generic">
<doc>Author : Niket Shinde
:param variable:
:param value_from:
:param key:
:return:</doc>
<arguments>
<arg>${BROWSER}</arg>
<arg>${RUN_SETTINGS['BROWSER']}</arg>
</arguments>
<assign>
<var>${BROWSER}</var>
</assign>
<msg timestamp="20201204 11:37:27.088" level="INFO">${BROWSER} = Chrome</msg>
<status status="PASS" starttime="20201204 11:37:27.087" endtime="20201204 11:37:27.088"></status>
</kw>
<kw name="Get Variable Value" library="BuiltIn">
<doc>Returns variable value or ``default`` if the variable does not exist.</doc>
<arguments>
<arg>${BR}</arg>
<arg>${BROWSER}</arg>
</arguments>
<assign>
<var>${BROWSER}</var>
</assign>
<msg timestamp="20201204 11:37:27.089" level="INFO">${BROWSER} = Chrome</msg>
<status status="PASS" starttime="20201204 11:37:27.088" endtime="20201204 11:37:27.089"></status>
</kw>
<kw name="Set Global Variable" library="BuiltIn">
<doc>Makes a variable available globally in all tests and suites.</doc>
<arguments>
<arg>${BROWSER}</arg>
</arguments>
<msg timestamp="20201204 11:37:27.089" level="INFO">${BROWSER} = Chrome</msg>
<status status="PASS" starttime="20201204 11:37:27.089" endtime="20201204 11:37:27.089"></status>
</kw>
<kw name="Set Suite Metadata" library="BuiltIn">
<doc>Sets metadata for the current test suite.</doc>
<arguments>
<arg>Browser</arg>
<arg>${BROWSER}</arg>
</arguments>
<msg timestamp="20201204 11:37:27.089" level="INFO">Set suite metadata 'Browser' to value 'Chrome'.</msg>
<status status="PASS" starttime="20201204 11:37:27.089" endtime="20201204 11:37:27.089"></status>
</kw>
<kw name="Set Value" library="generic">
<doc>Author : Niket Shinde
:param variable:
:param value_from:
:param key:
:return:</doc>
<arguments>
<arg>${TIMEOUT_WAIT}</arg>
<arg>${RUN_SETTINGS['WAIT']}</arg>
</arguments>
<assign>
<var>${TIMEOUT_WAIT}</var>
</assign>
<msg timestamp="20201204 11:37:27.090" level="INFO">${TIMEOUT_WAIT} = 30s</msg>
<status status="PASS" starttime="20201204 11:37:27.089" endtime="20201204 11:37:27.090"></status>
</kw>
<kw name="Set Global Variable" library="BuiltIn">
<doc>Makes a variable available globally in all tests and suites.</doc>
<arguments>
<arg>${TIMEOUT_WAIT}</arg>
</arguments>
<msg timestamp="20201204 11:37:27.090" level="INFO">${TIMEOUT_WAIT} = 30s</msg>
<status status="PASS" starttime="20201204 11:37:27.090" endtime="20201204 11:37:27.090"></status>
</kw>
<kw name="Set Value" library="generic">
<doc>Author : Niket Shinde
:param variable:
:param value_from:
:param key:
:return:</doc>
<arguments>
<arg>${IMPLICIT_WAIT}</arg>
<arg>${RUN_SETTINGS['IMPLICIT_WAIT']}</arg>
</arguments>
<assign>
<var>${IMPLICIT_WAIT}</var>
</assign>
<msg timestamp="20201204 11:37:27.090" level="INFO">${IMPLICIT_WAIT} = 30 seconds</msg>
<status status="PASS" starttime="20201204 11:37:27.090" endtime="20201204 11:37:27.090"></status>
</kw>
<kw name="Set Global Variable" library="BuiltIn">
<doc>Makes a variable available globally in all tests and suites.</doc>
<arguments>
<arg>${IMPLICIT_WAIT}</arg>
</arguments>
<msg timestamp="20201204 11:37:27.091" level="INFO">${IMPLICIT_WAIT} = 30 seconds</msg>
<status status="PASS" starttime="20201204 11:37:27.090" endtime="20201204 11:37:27.091"></status>
</kw>
<kw name="Set Value" library="generic">
<doc>Author : Niket Shinde
:param variable:
:param value_from:
:param key:
:return:</doc>
<arguments>
<arg>${LOG_LEVEL}</arg>
<arg>${RUN_SETTINGS['LOG_LEVEL']}</arg>
</arguments>
<assign>
<var>${LOG_LEVEL}</var>
</assign>
<msg timestamp="20201204 11:37:27.091" level="INFO">${LOG_LEVEL} = TRACE</msg>
<status status="PASS" starttime="20201204 11:37:27.091" endtime="20201204 11:37:27.091"></status>
</kw>
<kw name="Set Global Variable" library="BuiltIn">
<doc>Makes a variable available globally in all tests and suites.</doc>
<arguments>
<arg>${LOG_LEVEL}</arg>
</arguments>
<msg timestamp="20201204 11:37:27.091" level="INFO">${LOG_LEVEL} = TRACE</msg>
<status status="PASS" starttime="20201204 11:37:27.091" endtime="20201204 11:37:27.091"></status>
</kw>
<kw name="Set Log Level" library="BuiltIn">
<doc>Sets the log threshold to the specified level and returns the old level.</doc>
<arguments>
<arg>${LOG_LEVEL}</arg>
</arguments>
<msg timestamp="20201204 11:37:27.092" level="INFO">Log level changed from INFO to TRACE.</msg>
<msg timestamp="20201204 11:37:27.092" level="TRACE">Return: 'INFO'</msg>
<status status="PASS" starttime="20201204 11:37:27.091" endtime="20201204 11:37:27.092"></status>
</kw>
<kw name="Set Value" library="generic">
<doc>Author : Niket Shinde
:param variable:
:param value_from:
:param key:
:return:</doc>
<arguments>
<arg>${CSV_DELIMITER}</arg>
<arg>${RUN_SETTINGS['CSV_DILIMITER']}</arg>
</arguments>
<assign>
<var>${CSV_DELIMITER}</var>
</assign>
<msg timestamp="20201204 11:37:27.092" level="TRACE">Arguments: [ '|' | '|' ]</msg>
<msg timestamp="20201204 11:37:27.092" level="DEBUG">Set value of variable : |</msg>
<msg timestamp="20201204 11:37:27.092" level="TRACE">Return: '|'</msg>
<msg timestamp="20201204 11:37:27.092" level="INFO">${CSV_DELIMITER} = |</msg>
<status status="PASS" starttime="20201204 11:37:27.092" endtime="20201204 11:37:27.092"></status>
</kw>
<kw name="Set Global Variable" library="BuiltIn">
<doc>Makes a variable available globally in all tests and suites.</doc>
<arguments>
<arg>${CSV_DELIMITER}</arg>
</arguments>
<msg timestamp="20201204 11:37:27.092" level="TRACE">Arguments: [ '${CSV_DELIMITER}' ]</msg>
<msg timestamp="20201204 11:37:27.093" level="INFO">${CSV_DELIMITER} = |</msg>
<msg timestamp="20201204 11:37:27.093" level="TRACE">Return: None</msg>
<status status="PASS" starttime="20201204 11:37:27.092" endtime="20201204 11:37:27.093"></status>
</kw>
<kw name="Set Value" library="generic">
<doc>Author : Niket Shinde
:param variable:
:param value_from:
:param key:
:return:</doc>
<arguments>
<arg>${GLOBAL_DATA_FILE_NAME}</arg>
<arg>${RUN_SETTINGS['DATA_FILE_NAME']}</arg>
</arguments>
<assign>
<var>${GLOBAL_DATA_FILE_NAME}</var>
</assign>
<msg timestamp="20201204 11:37:27.093" level="TRACE">Arguments: [ 'GlobalData.csv' | 'global_data.csv' ]</msg>
<msg timestamp="20201204 11:37:27.093" level="DEBUG">Set value of variable : global_data.csv</msg>
<msg timestamp="20201204 11:37:27.093" level="TRACE">Return: 'global_data.csv'</msg>
<msg timestamp="20201204 11:37:27.093" level="INFO">${GLOBAL_DATA_FILE_NAME} = global_data.csv</msg>
<status status="PASS" starttime="20201204 11:37:27.093" endtime="20201204 11:37:27.093"></status>
</kw>
<kw name="Set Global Variable" library="BuiltIn">
<doc>Makes a variable available globally in all tests and suites.</doc>
<arguments>
<arg>${GLOBAL_DATA_FILE_NAME}</arg>
</arguments>
<msg timestamp="20201204 11:37:27.093" level="TRACE">Arguments: [ '${GLOBAL_DATA_FILE_NAME}' ]</msg>
<msg timestamp="20201204 11:37:27.093" level="INFO">${GLOBAL_DATA_FILE_NAME} = global_data.csv</msg>
<msg timestamp="20201204 11:37:27.093" level="TRACE">Return: None</msg>
<status status="PASS" starttime="20201204 11:37:27.093" endtime="20201204 11:37:27.093"></status>
</kw>
<kw name="Set Value" library="generic">
<doc>Author : Niket Shinde
:param variable:
:param value_from:
:param key:
:return:</doc>
<arguments>
<arg>${WSDL_ENVIRONMENT_FILE_NAME}</arg>
<arg>${RUN_SETTINGS['WSDL_ENVIRONMENT_FILE_NAME']}</arg>
</arguments>
<assign>
<var>${WSDL_ENVIRONMENT_FILE_NAME}</var>
</assign>
<msg timestamp="20201204 11:37:27.094" level="TRACE">Arguments: [ 'WSDL_Environment.xml' | 'api_environment.xml' ]</msg>
<msg timestamp="20201204 11:37:27.094" level="DEBUG">Set value of variable : api_environment.xml</msg>
<msg timestamp="20201204 11:37:27.094" level="TRACE">Return: 'api_environment.xml'</msg>
<msg timestamp="20201204 11:37:27.094" level="INFO">${WSDL_ENVIRONMENT_FILE_NAME} = api_environment.xml</msg>
<status status="PASS" starttime="20201204 11:37:27.093" endtime="20201204 11:37:27.094"></status>
</kw>
<kw name="Set Global Variable" library="BuiltIn">
<doc>Makes a variable available globally in all tests and suites.</doc>
<arguments>
<arg>${WSDL_ENVIRONMENT_FILE_NAME}</arg>
</arguments>
<msg timestamp="20201204 11:37:27.094" level="TRACE">Arguments: [ '${WSDL_ENVIRONMENT_FILE_NAME}' ]</msg>
<msg timestamp="20201204 11:37:27.094" level="INFO">${WSDL_ENVIRONMENT_FILE_NAME} = api_environment.xml</msg>
<msg timestamp="20201204 11:37:27.094" level="TRACE">Return: None</msg>
<status status="PASS" starttime="20201204 11:37:27.094" endtime="20201204 11:37:27.094"></status>
</kw>
<msg timestamp="20201204 11:37:27.094" level="TRACE">Return: None</msg>
<status status="PASS" starttime="20201204 11:37:27.085" endtime="20201204 11:37:27.094"></status>
</kw>
<kw name="Ini To Dictionary" library="generic">
<doc>Author : Niket Shinde
Description : get data from INI file to dictionary
:param int_file_path: path of INI file
:param section:
:return: dictionary</doc>
<arguments>
<arg>${iniFilePath}</arg>
<arg>${ENV}</arg>
</arguments>
<assign>
<var>${ENVIRONMENT}</var>
</assign>
<msg timestamp="20201204 11:37:27.095" level="TRACE">Arguments: [ 'C:\\Users\\nshinde\\PycharmProjects\\AutomATAhon\\RFProject\\Project1\\environment\\environment.ini' | 'QA' ]</msg>
<msg timestamp="20201204 11:37:27.095" level="DEBUG">Value From section ' QA' : {'PROJECT_NAME': 'Project1', 'ENVIRONMENT': 'QA', 'BROWSER': 'Chrome', 'WAIT': '30s', 'IMPLICIT_WAIT': '30 seconds', 'LOG_LEVEL': 'TRACE', 'CSV_DILIMITER': '|', 'DATA_FILE_NAME': 'global_data.csv', 'WSDL_ENVIRONMENT_FILE_NAME': 'api_environment.xml', 'DISABLE_IMAGES': 'FALSE', 'APPLICATION1_URL': 'https://www.google.com/', 'APPLICATION1_USERNAME': 'name', 'APPLICATION1_PASSWORD': 'password', 'APPLICATION2_URL': 'https://robotframework.org/robotframework/latest/RobotFrameworkUserGuide.html', 'APPLICATION2_USERNAME': 'name', 'APPLICATION2_PASSWORD': 'password'}</msg>
<msg timestamp="20201204 11:37:27.095" level="TRACE">Return: {'APPLICATION1_PASSWORD': 'password',
 'APPLICATION1_URL': 'https://www.google.com/',
 'APPLICATION1_USERNAME': 'name',
 'APPLICATION2_PASSWORD': 'password',
 'APPLICATION2_URL': 'https://robotframework.org/robotframework/latest/RobotFrameworkUserGuide.html',
 'APPLICATION2_USERNAME': 'name',
 'BROWSER': 'Chrome',
 'CSV_DILIMITER': '|',
 'DATA_FILE_NAME': 'global_data.csv',
 'DISABLE_IMAGES': 'FALSE',
 'ENVIRONMENT': 'QA',
 'IMPLICIT_WAIT': '30 seconds',
 'LOG_LEVEL': 'TRACE',
 'PROJECT_NAME': 'Project1',
 'WAIT': '30s',
 'WSDL_ENVIRONMENT_FILE_NAME': 'api_environment.xml'}</msg>
<msg timestamp="20201204 11:37:27.095" level="INFO">${ENVIRONMENT} = {'PROJECT_NAME': 'Project1', 'ENVIRONMENT': 'QA', 'BROWSER': 'Chrome', 'WAIT': '30s', 'IMPLICIT_WAIT': '30 seconds', 'LOG_LEVEL': 'TRACE', 'CSV_DILIMITER': '|', 'DATA_FILE_NAME': 'global_data.csv', 'W...</msg>
<status status="PASS" starttime="20201204 11:37:27.095" endtime="20201204 11:37:27.095"></status>
</kw>
<kw name="Set Global Variable" library="BuiltIn">
<doc>Makes a variable available globally in all tests and suites.</doc>
<arguments>
<arg>${ENVIRONMENT}</arg>
</arguments>
<msg timestamp="20201204 11:37:27.095" level="TRACE">Arguments: [ '${ENVIRONMENT}' ]</msg>
<msg timestamp="20201204 11:37:27.096" level="INFO">${ENVIRONMENT} = {'PROJECT_NAME': 'Project1', 'ENVIRONMENT': 'QA', 'BROWSER': 'Chrome', 'WAIT': '30s', 'IMPLICIT_WAIT': '30 seconds', 'LOG_LEVEL': 'TRACE', 'CSV_DILIMITER': '|', 'DATA_FILE_NAME': 'global_data.csv', 'W...</msg>
<msg timestamp="20201204 11:37:27.096" level="TRACE">Return: None</msg>
<status status="PASS" starttime="20201204 11:37:27.095" endtime="20201204 11:37:27.096"></status>
</kw>
<kw name="Concatenate String" library="generic">
<doc>Author : Niket Shinde
Description : Marge multiple strings  to to_dict
:param args: string sequences
:return: Marged string</doc>
<arguments>
<arg>${PROJECT_PATH}</arg>
<arg>\\Environment\\${WSDL_ENVIRONMENT_FILE_NAME}</arg>
</arguments>
<assign>
<var>${APIFilePath}</var>
</assign>
<msg timestamp="20201204 11:37:27.096" level="TRACE">Arguments: [ 'C:\\Users\\nshinde\\PycharmProjects\\AutomATAhon\\RFProject\\Project1' | '\\Environment\\api_environment.xml' ]</msg>
<msg timestamp="20201204 11:37:27.096" level="TRACE">Return: 'C:\\Users\\nshinde\\PycharmProjects\\AutomATAhon\\RFProject\\Project1\\Environment\\api_environment.xml'</msg>
<msg timestamp="20201204 11:37:27.096" level="INFO">${APIFilePath} = C:\Users\nshinde\PycharmProjects\AutomATAhon\RFProject\Project1\Environment\api_environment.xml</msg>
<status status="PASS" starttime="20201204 11:37:27.096" endtime="20201204 11:37:27.096"></status>
</kw>
<kw name="Get Web Service Environment Variables" library="api_manager">
<doc>Author : Niket Shinde
Description :
:param global_env:
:param path:
:return:</doc>
<arguments>
<arg>${ENV}</arg>
<arg>${APIFilePath}</arg>
</arguments>
<assign>
<var>${ENVIRONMENT_API}</var>
</assign>
<msg timestamp="20201204 11:37:27.096" level="TRACE">Arguments: [ 'QA' | 'C:\\Users\\nshinde\\PycharmProjects\\AutomATAhon\\RFProject\\Project1\\Environment\\api_environment.xml' ]</msg>
<msg timestamp="20201204 11:37:27.097" level="TRACE">Return: {}</msg>
<msg timestamp="20201204 11:37:27.097" level="INFO">${ENVIRONMENT_API} = {}</msg>
<status status="PASS" starttime="20201204 11:37:27.096" endtime="20201204 11:37:27.097"></status>
</kw>
<kw name="Set Global Variable" library="BuiltIn">
<doc>Makes a variable available globally in all tests and suites.</doc>
<arguments>
<arg>${ENVIRONMENT_API}</arg>
</arguments>
<msg timestamp="20201204 11:37:27.097" level="TRACE">Arguments: [ '${ENVIRONMENT_API}' ]</msg>
<msg timestamp="20201204 11:37:27.097" level="INFO">${ENVIRONMENT_API} = {}</msg>
<msg timestamp="20201204 11:37:27.097" level="TRACE">Return: None</msg>
<status status="PASS" starttime="20201204 11:37:27.097" endtime="20201204 11:37:27.097"></status>
</kw>
<kw name="Log" library="BuiltIn">
<doc>Logs the given message with the given level.</doc>
<arguments>
<arg>API Environment Dictionary:${ENVIRONMENT_API}</arg>
</arguments>
<msg timestamp="20201204 11:37:27.097" level="TRACE">Arguments: [ 'API Environment Dictionary:{}' ]</msg>
<msg timestamp="20201204 11:37:27.097" level="INFO">API Environment Dictionary:{}</msg>
<msg timestamp="20201204 11:37:27.097" level="TRACE">Return: None</msg>
<status status="PASS" starttime="20201204 11:37:27.097" endtime="20201204 11:37:27.097"></status>
</kw>
<msg timestamp="20201204 11:37:27.097" level="TRACE">Return: None</msg>
<status status="PASS" starttime="20201204 11:37:27.081" endtime="20201204 11:37:27.097"></status>
</kw>
<test id="s1-t1" name="Test Google Search">
<kw name="Before Web Test Start" library="common_keywords" type="setup">
<doc>Open browser
Author : Niket Shinde</doc>
<msg timestamp="20201204 11:37:27.098" level="TRACE">Arguments: [  ]</msg>
<kw name="Fetch From Left" library="String">
<doc>Returns contents of the ``string`` before the first occurrence of ``marker``.</doc>
<arguments>
<arg>${TEST NAME}</arg>
<arg>-</arg>
</arguments>
<assign>
<var>${TC_FOLDER}</var>
</assign>
<msg timestamp="20201204 11:37:27.098" level="TRACE">Arguments: [ 'Test Google Search' | '-' ]</msg>
<msg timestamp="20201204 11:37:27.099" level="TRACE">Return: 'Test Google Search'</msg>
<msg timestamp="20201204 11:37:27.099" level="INFO">${TC_FOLDER} = Test Google Search</msg>
<status status="PASS" starttime="20201204 11:37:27.098" endtime="20201204 11:37:27.099"></status>
</kw>
<kw name="Strip String" library="String">
<doc>Remove leading and/or trailing whitespaces from the given string.</doc>
<arguments>
<arg>${TC_FOLDER}</arg>
</arguments>
<assign>
<var>${TC_FOLDER}</var>
</assign>
<msg timestamp="20201204 11:37:27.099" level="TRACE">Arguments: [ 'Test Google Search' ]</msg>
<msg timestamp="20201204 11:37:27.099" level="TRACE">Return: 'Test Google Search'</msg>
<msg timestamp="20201204 11:37:27.099" level="INFO">${TC_FOLDER} = Test Google Search</msg>
<status status="PASS" starttime="20201204 11:37:27.099" endtime="20201204 11:37:27.099"></status>
</kw>
<kw name="Set Variable If" library="BuiltIn">
<doc>Sets variable based on the given condition.</doc>
<arguments>
<arg>"${TC_FOLDER}"=="${TEST NAME}"</arg>
<arg>${None}</arg>
<arg>${TC_FOLDER}</arg>
</arguments>
<assign>
<var>${TC_FOLDER}</var>
</assign>
<msg timestamp="20201204 11:37:27.099" level="TRACE">Arguments: [ '"Test Google Search"=="Test Google Search"' | '${None}' | '${TC_FOLDER}' ]</msg>
<msg timestamp="20201204 11:37:27.099" level="TRACE">Return: None</msg>
<msg timestamp="20201204 11:37:27.099" level="INFO">${TC_FOLDER} = None</msg>
<status status="PASS" starttime="20201204 11:37:27.099" endtime="20201204 11:37:27.099"></status>
</kw>
<kw name="Set Global Variable" library="BuiltIn">
<doc>Makes a variable available globally in all tests and suites.</doc>
<arguments>
<arg>${TC_FOLDER}</arg>
</arguments>
<msg timestamp="20201204 11:37:27.099" level="TRACE">Arguments: [ '${TC_FOLDER}' ]</msg>
<msg timestamp="20201204 11:37:27.100" level="INFO">${TC_FOLDER} = None</msg>
<msg timestamp="20201204 11:37:27.100" level="TRACE">Return: None</msg>
<status status="PASS" starttime="20201204 11:37:27.099" endtime="20201204 11:37:27.100"></status>
</kw>
<kw name="Set Variable If" library="BuiltIn">
<doc>Sets variable based on the given condition.</doc>
<arguments>
<arg>"${TC_FOLDER}"=="${None}"</arg>
<arg>${PROJECT_PATH}\\test_data\\${ENV}\\${TEST NAME}</arg>
<arg>${PROJECT_PATH}\\test_data\\${ENV}\\${TC_FOLDER}\\${TEST NAME}</arg>
</arguments>
<assign>
<var>${TC_PATH}</var>
</assign>
<msg timestamp="20201204 11:37:27.100" level="TRACE">Arguments: [ '"None"=="None"' | '${PROJECT_PATH}\\\\test_data\\\\${ENV}\\\\${TEST NAME}' | '${PROJECT_PATH}\\\\test_data\\\\${ENV}\\\\${TC_FOLDER}\\\\${TEST NAME}' ]</msg>
<msg timestamp="20201204 11:37:27.100" level="TRACE">Return: 'C:\\Users\\nshinde\\PycharmProjects\\AutomATAhon\\RFProject\\Project1\\test_data\\QA\\Test Google Search'</msg>
<msg timestamp="20201204 11:37:27.100" level="INFO">${TC_PATH} = C:\Users\nshinde\PycharmProjects\AutomATAhon\RFProject\Project1\test_data\QA\Test Google Search</msg>
<status status="PASS" starttime="20201204 11:37:27.100" endtime="20201204 11:37:27.100"></status>
</kw>
<kw name="Set Global Variable" library="BuiltIn">
<doc>Makes a variable available globally in all tests and suites.</doc>
<arguments>
<arg>${TC_PATH}</arg>
</arguments>
<msg timestamp="20201204 11:37:27.100" level="TRACE">Arguments: [ '${TC_PATH}' ]</msg>
<msg timestamp="20201204 11:37:27.100" level="INFO">${TC_PATH} = C:\Users\nshinde\PycharmProjects\AutomATAhon\RFProject\Project1\test_data\QA\Test Google Search</msg>
<msg timestamp="20201204 11:37:27.100" level="TRACE">Return: None</msg>
<status status="PASS" starttime="20201204 11:37:27.100" endtime="20201204 11:37:27.100"></status>
</kw>
<kw name="Update Dictionary for Test Data" library="common_keywords">
<doc>Get Data To Dictionary from Test data and Global data
Author : Niket Shinde</doc>
<msg timestamp="20201204 11:37:27.101" level="TRACE">Arguments: [  ]</msg>
<kw name="Concatenate String" library="generic">
<doc>Author : Niket Shinde
Description : Marge multiple strings  to to_dict
:param args: string sequences
:return: Marged string</doc>
<arguments>
<arg>${PROJECT_PATH}</arg>
<arg>\\test_data\\</arg>
</arguments>
<assign>
<var>${CSVFilePath}</var>
</assign>
<msg timestamp="20201204 11:37:27.101" level="TRACE">Arguments: [ 'C:\\Users\\nshinde\\PycharmProjects\\AutomATAhon\\RFProject\\Project1' | '\\test_data\\' ]</msg>
<msg timestamp="20201204 11:37:27.101" level="TRACE">Return: 'C:\\Users\\nshinde\\PycharmProjects\\AutomATAhon\\RFProject\\Project1\\test_data\\'</msg>
<msg timestamp="20201204 11:37:27.101" level="INFO">${CSVFilePath} = C:\Users\nshinde\PycharmProjects\AutomATAhon\RFProject\Project1\test_data\</msg>
<status status="PASS" starttime="20201204 11:37:27.101" endtime="20201204 11:37:27.101"></status>
</kw>
<kw name="Get Global Test Data To Dictionary" library="data_manager">
<doc>Author : Niket Shinde
Description : to get data from global data csv
:param file_path: path of CSV file
:param colname: name of column
:param csv_file_delimiter: delimiter used in CSV file
:return: dictionary</doc>
<arguments>
<arg>${CSVFilePath}</arg>
<arg>${ENV}</arg>
<arg>${CSV_DELIMITER}</arg>
<arg>${GLOBAL_DATA_FILE_NAME}</arg>
</arguments>
<assign>
<var>${DATA_DICTIONARY}</var>
</assign>
<msg timestamp="20201204 11:37:27.101" level="TRACE">Arguments: [ 'C:\\Users\\nshinde\\PycharmProjects\\AutomATAhon\\RFProject\\Project1\\test_data\\' | 'QA' | '|' | 'global_data.csv' ]</msg>
<msg timestamp="20201204 11:37:27.104" level="DEBUG">&lt;B&gt;Before RUN Global Data dictionary :  &lt;/B&gt;{'DATASET': 'SET2', 'CUST_FIRST_NAME': 'ATCust', 'CUST_LAST_NAME': '[%CUST_SSN%]', 'CUST_FULL_NAME': '[concat, ,%CUST_FIRST_NAME%,%CUST_LAST_NAME%]', 'CUST_TYPE': 'personal', 'CUST_STREET_NAME': 'Test str.', 'CUST_STREET_NUMBER': '1', 'CUST_FLAT_NUMBER': '4', 'CUST_FLOOR_NUMBER': '2', 'CUST_POSTAL_CODE': '10005', 'CUST_COUNTRY': 'SVERIGE', 'CUST_EMAIL': '[concat,.,%CUST_FIRST_NAME%,%CUST_LAST_NAME%@tieto.com]', 'CUST_PHONE': '12345778', 'TODAY': '$date$', 'CAMP_NAME_STR': 'AT_CAMP', 'CAMP_NAME': '[concat,_,%CAMP_NAME_STR%,%CUST_CODE%]', 'CAMP_CODE_STR': 'AT_CAMP', 'CAMP_CODE': '[concat,_,%CAMP_NAME_STR%,%CUST_CODE%]', 'CAMP_START_DATE': '[today,date,-3,m]', 'CAMP_END_DATE': '[today,date,1,y]', 'CAMP_CATEGORY': '1', 'RESPONSE_DUE_DATE_INTERNAL': '$date$', 'RESPONSE_DUE_DATE_EXTERNAL': '$date$', 'VERSION_DATE': '[today,date,-3,y]', 'PRICE_DATE': '[today,date,-30,days]', 'GRID_AREA': 'SML', 'STANDARD_CONTRACT1': '1876', 'STANDARD_CONTRACT2': '', 'STANDARD_CONTRACT3': '', 'STANDARD_CONTRACT4': '', 'STANDARD_CONTRACT5': '', 'MKT_LIST_STR': 'ATML', 'MKT_LIST_NAME': '[concat,_,%MKT_LIST_STR%,%CUST_CODE%]', 'LEAD_FIRST_NAME': 'ATLead', 'LEAD_LAST_NAME': '$SSN$', 'LEAD_TYPE': 'Residential', 'LEAD_LANGUAGE': 'sv', 'LEAD_FULL_NAME': '[concat, ,%LEAD_FIRST_NAME%,%LEAD_LAST_NAME%]', 'LEAD_EMAIL': '[concat,.,%LEAD_FIRST_NAME%,%LEAD_LAST_NAME%@tieto.com]', 'LEAD_MAIN_PHONE': '985632145874', 'LEAD_ADDITIONAL_PHONE1': '452369874', 'LEAD_ADDITIONAL_PHONE2': '23658974', 'LEAD_COUNTRY_CODE': 'SE', 'RESTRICTION_CODE_1': 'PERSONALIZED_MARKETING', 'RESTRICTION_VALUE_1': 'true', 'RESTRICTION_CODE_2': 'PROFILING', 'RESTRICTION_VALUE_2': 'false', 'EDI_ACTIONDATE': '$date$', 'EDI_CREATION_DATE': '$date$'}</msg>
<msg timestamp="20201204 11:37:27.104" level="TRACE">Return: {'CAMP_CATEGORY': '1',
 'CAMP_CODE': '[concat,_,%CAMP_NAME_STR%,%CUST_CODE%]',
 'CAMP_CODE_STR': 'AT_CAMP',
 'CAMP_END_DATE': '[today,date,1,y]',
 'CAMP_NAME': '[concat,_,%CAMP_NAME_STR%,%CUST_CODE%]',
 'CAMP_NAME_STR': 'AT_CAMP',
 'CAMP_START_DATE': '[today,date,-3,m]',
 'CUST_COUNTRY': 'SVERIGE',
 'CUST_EMAIL': '[concat,.,%CUST_FIRST_NAME%,%CUST_LAST_NAME%@tieto.com]',
 'CUST_FIRST_NAME': 'ATCust',
 'CUST_FLAT_NUMBER': '4',
 'CUST_FLOOR_NUMBER': '2',
 'CUST_FULL_NAME': '[concat, ,%CUST_FIRST_NAME%,%CUST_LAST_NAME%]',
 'CUST_LAST_NAME': '[%CUST_SSN%]',
 'CUST_PHONE': '12345778',
 'CUST_POSTAL_CODE': '10005',
 'CUST_STREET_NAME': 'Test str.',
 'CUST_STREET_NUMBER': '1',
 'CUST_TYPE': 'personal',
 'DATASET': 'SET2',
 'EDI_ACTIONDATE': '$date$',
 'EDI_CREATION_DATE': '$date$',
 'GRID_AREA': 'SML',
 'LEAD_ADDITIONAL_PHONE1': '452369874',
 'LEAD_ADDITIONAL_PHONE2': '23658974',
 'LEAD_COUNTRY_CODE': 'SE',
 'LEAD_EMAIL': '[concat,.,%LEAD_FIRST_NAME%,%LEAD_LAST_NAME%@tieto.com]',
 'LEAD_FIRST_NAME': 'ATLead',
 'LEAD_FULL_NAME': '[concat, ,%LEAD_FIRST_NAME%,%LEAD_LAST_NAME%]',
 'LEAD_LANGUAGE': 'sv',
 'LEAD_LAST_NAME': '$SSN$',
 'LEAD_MAIN_PHONE': '985632145874',
 'LEAD_TYPE': 'Residential',
 'MKT_LIST_NAME': '[concat,_,%MKT_LIST_STR%,%CUST_CODE%]',
 'MKT_LIST_STR': 'ATML',
 'PRICE_DATE': '[today,date,-30,days]',
 'RESPONSE_DUE_DATE_EXTERNAL': '$date$',
 'RESPONSE_DUE_DATE_INTERNAL': '$date$',
 'RESTRICTION_CODE_1': 'PERSONALIZED_MARKETING',
 'RESTRICTION_CODE_2': 'PROFILING',
 'RESTRICTION_VALUE_1': 'true',
 'RESTRICTION_VALUE_2': 'false',
 'STANDARD_CONTRACT1': '1876',
 'STANDARD_CONTRACT2': '',
 'STANDARD_CONTRACT3': '',
 'STANDARD_CONTRACT4': '',
 'STANDARD_CONTRACT5': '',
 'TODAY': '$date$',
 'VERSION_DATE': '[today,date,-3,y]'}</msg>
<msg timestamp="20201204 11:37:27.105" level="INFO">${DATA_DICTIONARY} = {'DATASET': 'SET2', 'CUST_FIRST_NAME': 'ATCust', 'CUST_LAST_NAME': '[%CUST_SSN%]', 'CUST_FULL_NAME': '[concat, ,%CUST_FIRST_NAME%,%CUST_LAST_NAME%]', 'CUST_TYPE': 'personal', 'CUST_STREET_NAME': 'Test...</msg>
<status status="PASS" starttime="20201204 11:37:27.101" endtime="20201204 11:37:27.105"></status>
</kw>
<kw name="Set Global Variable" library="BuiltIn">
<doc>Makes a variable available globally in all tests and suites.</doc>
<arguments>
<arg>${DATA_DICTIONARY}</arg>
</arguments>
<msg timestamp="20201204 11:37:27.105" level="TRACE">Arguments: [ '${DATA_DICTIONARY}' ]</msg>
<msg timestamp="20201204 11:37:27.105" level="INFO">${DATA_DICTIONARY} = {'DATASET': 'SET2', 'CUST_FIRST_NAME': 'ATCust', 'CUST_LAST_NAME': '[%CUST_SSN%]', 'CUST_FULL_NAME': '[concat, ,%CUST_FIRST_NAME%,%CUST_LAST_NAME%]', 'CUST_TYPE': 'personal', 'CUST_STREET_NAME': 'Test...</msg>
<msg timestamp="20201204 11:37:27.105" level="TRACE">Return: None</msg>
<status status="PASS" starttime="20201204 11:37:27.105" endtime="20201204 11:37:27.105"></status>
</kw>
<kw name="Get Test Data To Dictionary" library="data_manager">
<doc>Author : Niket Shinde
Description : to get data from test data csv
:param file_path: path of file without file extension
:param csv_file_delimiter: delimiter for csv file
:return: dictionary</doc>
<arguments>
<arg>${TC_PATH}</arg>
<arg>${CSV_DELIMITER}</arg>
</arguments>
<assign>
<var>${GLOBAL_TEST_DICTONARY}</var>
</assign>
<msg timestamp="20201204 11:37:27.106" level="TRACE">Arguments: [ 'C:\\Users\\nshinde\\PycharmProjects\\AutomATAhon\\RFProject\\Project1\\test_data\\QA\\Test Google Search' | '|' ]</msg>
<msg timestamp="20201204 11:37:27.107" level="DEBUG">&lt;B&gt;Before RUN Test Data dictionary :  &lt;/B&gt;{'KEYS': {'Text1': 'Text1'}, 'ITR1': {'Text1': 'ITR1'}, 'ITR2': {'Text1': 'ITR2'}, 'ITR3': {'Text1': 'ITR3'}}</msg>
<msg timestamp="20201204 11:37:27.107" level="TRACE">Return: {'ITR1': {'Text1': 'ITR1'},
 'ITR2': {'Text1': 'ITR2'},
 'ITR3': {'Text1': 'ITR3'},
 'KEYS': {'Text1': 'Text1'}}</msg>
<msg timestamp="20201204 11:37:27.108" level="INFO">${GLOBAL_TEST_DICTONARY} = {'KEYS': {'Text1': 'Text1'}, 'ITR1': {'Text1': 'ITR1'}, 'ITR2': {'Text1': 'ITR2'}, 'ITR3': {'Text1': 'ITR3'}}</msg>
<status status="PASS" starttime="20201204 11:37:27.106" endtime="20201204 11:37:27.108"></status>
</kw>
<kw name="Set Global Variable" library="BuiltIn">
<doc>Makes a variable available globally in all tests and suites.</doc>
<arguments>
<arg>${GLOBAL_TEST_DICTONARY}</arg>
</arguments>
<msg timestamp="20201204 11:37:27.108" level="TRACE">Arguments: [ '${GLOBAL_TEST_DICTONARY}' ]</msg>
<msg timestamp="20201204 11:37:27.108" level="INFO">${GLOBAL_TEST_DICTONARY} = {'KEYS': {'Text1': 'Text1'}, 'ITR1': {'Text1': 'ITR1'}, 'ITR2': {'Text1': 'ITR2'}, 'ITR3': {'Text1': 'ITR3'}}</msg>
<msg timestamp="20201204 11:37:27.108" level="TRACE">Return: None</msg>
<status status="PASS" starttime="20201204 11:37:27.108" endtime="20201204 11:37:27.108"></status>
</kw>
<kw name="Deepcopy" library="copy">
<doc>Deep copy operation on arbitrary Python objects.</doc>
<arguments>
<arg>${GLOBAL_TEST_DICTONARY}</arg>
</arguments>
<assign>
<var>${ORIGINAL_TEST_DICTONARY}</var>
</assign>
<msg timestamp="20201204 11:37:27.108" level="TRACE">Arguments: [ {'ITR1': {'Text1': 'ITR1'},
 'ITR2': {'Text1': 'ITR2'},
 'ITR3': {'Text1': 'ITR3'},
 'KEYS': {'Text1': 'Text1'}} ]</msg>
<msg timestamp="20201204 11:37:27.109" level="TRACE">Return: {'ITR1': {'Text1': 'ITR1'},
 'ITR2': {'Text1': 'ITR2'},
 'ITR3': {'Text1': 'ITR3'},
 'KEYS': {'Text1': 'Text1'}}</msg>
<msg timestamp="20201204 11:37:27.109" level="INFO">${ORIGINAL_TEST_DICTONARY} = {'KEYS': {'Text1': 'Text1'}, 'ITR1': {'Text1': 'ITR1'}, 'ITR2': {'Text1': 'ITR2'}, 'ITR3': {'Text1': 'ITR3'}}</msg>
<status status="PASS" starttime="20201204 11:37:27.108" endtime="20201204 11:37:27.109"></status>
</kw>
<kw name="Set Global Variable" library="BuiltIn">
<doc>Makes a variable available globally in all tests and suites.</doc>
<arguments>
<arg>${ORIGINAL_TEST_DICTONARY}</arg>
</arguments>
<msg timestamp="20201204 11:37:27.109" level="TRACE">Arguments: [ '${ORIGINAL_TEST_DICTONARY}' ]</msg>
<msg timestamp="20201204 11:37:27.109" level="INFO">${ORIGINAL_TEST_DICTONARY} = {'KEYS': {'Text1': 'Text1'}, 'ITR1': {'Text1': 'ITR1'}, 'ITR2': {'Text1': 'ITR2'}, 'ITR3': {'Text1': 'ITR3'}}</msg>
<msg timestamp="20201204 11:37:27.109" level="TRACE">Return: None</msg>
<status status="PASS" starttime="20201204 11:37:27.109" endtime="20201204 11:37:27.109"></status>
</kw>
<msg timestamp="20201204 11:37:27.109" level="TRACE">Return: None</msg>
<status status="PASS" starttime="20201204 11:37:27.100" endtime="20201204 11:37:27.109"></status>
</kw>
<kw name="Set Value" library="generic">
<doc>Author : Niket Shinde
:param variable:
:param value_from:
:param key:
:return:</doc>
<arguments>
<arg>${BROWSER}</arg>
<arg>${GLOBAL_TEST_DICTONARY['ITR1']}</arg>
<arg>key=BROWSER</arg>
</arguments>
<assign>
<var>${BROWSER}</var>
</assign>
<msg timestamp="20201204 11:37:27.109" level="TRACE">Arguments: [ 'Chrome' | {'Text1': 'ITR1'} | key='BROWSER' ]</msg>
<msg timestamp="20201204 11:37:27.110" level="DEBUG">Set value of variable : Chrome</msg>
<msg timestamp="20201204 11:37:27.110" level="TRACE">Return: 'Chrome'</msg>
<msg timestamp="20201204 11:37:27.110" level="INFO">${BROWSER} = Chrome</msg>
<status status="PASS" starttime="20201204 11:37:27.109" endtime="20201204 11:37:27.110"></status>
</kw>
<kw name="Is Chrome" library="generic">
<doc>Author : Niket Shinde
:param browser:
:return:</doc>
<arguments>
<arg>${BROWSER}</arg>
</arguments>
<assign>
<var>${bool}</var>
</assign>
<msg timestamp="20201204 11:37:27.110" level="TRACE">Arguments: [ 'Chrome' ]</msg>
<msg timestamp="20201204 11:37:27.110" level="TRACE">Return: True</msg>
<msg timestamp="20201204 11:37:27.110" level="INFO">${bool} = True</msg>
<status status="PASS" starttime="20201204 11:37:27.110" endtime="20201204 11:37:27.110"></status>
</kw>
<kw name="Run Keyword If" library="BuiltIn">
<doc>Runs the given keyword with the given arguments, if ``condition`` is true.</doc>
<arguments>
<arg>"${bool}" == "True"</arg>
<arg>Run Test In Chrome Browser</arg>
<arg>ELSE</arg>
<arg>open browser</arg>
<arg>about:blank</arg>
<arg>${BROWSER}</arg>
</arguments>
<msg timestamp="20201204 11:37:27.110" level="TRACE">Arguments: [ '"True" == "True"' | 'Run Test In Chrome Browser' | 'ELSE' | 'open browser' | 'about:blank' | '${BROWSER}' ]</msg>
<kw name="Run Test In Chrome Browser" library="common_keywords">
<doc>Open chrome with image disable or enable mode
Author : Niket Shinde</doc>
<msg timestamp="20201204 11:37:27.110" level="TRACE">Arguments: [  ]</msg>
<kw name="Set Variable If" library="BuiltIn">
<doc>Sets variable based on the given condition.</doc>
<arguments>
<arg>"${RUN_SETTINGS['DISABLE_IMAGES']}"=="TRUE"</arg>
<arg>${2}</arg>
<arg>${1}</arg>
</arguments>
<assign>
<var>${flag}</var>
</assign>
<msg timestamp="20201204 11:37:27.111" level="TRACE">Arguments: [ '"FALSE"=="TRUE"' | '${2}' | '${1}' ]</msg>
<msg timestamp="20201204 11:37:27.111" level="TRACE">Return: 1</msg>
<msg timestamp="20201204 11:37:27.111" level="INFO">${flag} = 1</msg>
<status status="PASS" starttime="20201204 11:37:27.111" endtime="20201204 11:37:27.111"></status>
</kw>
<kw name="Evaluate" library="BuiltIn">
<doc>Evaluates the given expression in Python and returns the result.</doc>
<arguments>
<arg>sys.modules['selenium.webdriver'].ChromeOptions()</arg>
<arg>sys, selenium.webdriver</arg>
</arguments>
<assign>
<var>${options}</var>
</assign>
<msg timestamp="20201204 11:37:27.111" level="TRACE">Arguments: [ "sys.modules['selenium.webdriver'].ChromeOptions()" | 'sys, selenium.webdriver' ]</msg>
<msg timestamp="20201204 11:37:27.111" level="TRACE">Return: &lt;selenium.webdriver.chrome.options.Options object at 0x0000020B2EEF43D0&gt;</msg>
<msg timestamp="20201204 11:37:27.111" level="INFO">${options} = &lt;selenium.webdriver.chrome.options.Options object at 0x0000020B2EEF43D0&gt;</msg>
<status status="PASS" starttime="20201204 11:37:27.111" endtime="20201204 11:37:27.111"></status>
</kw>
<kw name="Create Dictionary" library="BuiltIn">
<doc>Creates and returns a dictionary based on the given ``items``.</doc>
<arguments>
<arg>profile.managed_default_content_settings.images=${flag}</arg>
</arguments>
<assign>
<var>${desired caps}</var>
</assign>
<msg timestamp="20201204 11:37:27.111" level="TRACE">Arguments: [ 'profile.managed_default_content_settings.images=${flag}' ]</msg>
<msg timestamp="20201204 11:37:27.112" level="TRACE">Return: {'profile.managed_default_content_settings.images': 1}</msg>
<msg timestamp="20201204 11:37:27.112" level="INFO">${desired caps} = {'profile.managed_default_content_settings.images': 1}</msg>
<status status="PASS" starttime="20201204 11:37:27.111" endtime="20201204 11:37:27.112"></status>
</kw>
<kw name="Call Method" library="BuiltIn">
<doc>Calls the named method of the given object with the provided arguments.</doc>
<arguments>
<arg>${options}</arg>
<arg>add_experimental_option</arg>
<arg>prefs</arg>
<arg>${desired caps}</arg>
</arguments>
<msg timestamp="20201204 11:37:27.112" level="TRACE">Arguments: [ &lt;selenium.webdriver.chrome.options.Options object at 0x0000020B2EEF43D0&gt; | 'add_experimental_option' | 'prefs' | {'profile.managed_default_content_settings.images': 1} ]</msg>
<msg timestamp="20201204 11:37:27.112" level="TRACE">Return: None</msg>
<status status="PASS" starttime="20201204 11:37:27.112" endtime="20201204 11:37:27.112"></status>
</kw>
<kw name="Create Webdriver" library="SeleniumLibrary">
<doc>Creates an instance of Selenium WebDriver.</doc>
<arguments>
<arg>${BROWSER}</arg>
<arg>chrome_options=${options}</arg>
</arguments>
<msg timestamp="20201204 11:37:27.112" level="TRACE">Arguments: [ 'Chrome' | chrome_options=&lt;selenium.webdriver.chrome.options.Options object at 0x0000020B2EEF43D0&gt; ]</msg>
<msg timestamp="20201204 11:37:27.112" level="INFO">Creating an instance of the Chrome WebDriver.</msg>
<msg timestamp="20201204 11:37:27.631" level="DEBUG">POST http://127.0.0.1:62950/session {"capabilities": {"firstMatch": [{}], "alwaysMatch": {"browserName": "chrome", "platformName": "any", "goog:chromeOptions": {"prefs": {"profile.managed_default_content_settings.images": 1}, "extensions": [], "args": []}}}, "desiredCapabilities": {"browserName": "chrome", "version": "", "platform": "ANY", "goog:chromeOptions": {"prefs": {"profile.managed_default_content_settings.images": 1}, "extensions": [], "args": []}}}</msg>
<msg timestamp="20201204 11:37:27.631" level="DEBUG">Starting new HTTP connection (1): 127.0.0.1:62950</msg>
<msg timestamp="20201204 11:37:30.140" level="DEBUG">http://127.0.0.1:62950 "POST /session HTTP/1.1" 200 719</msg>
<msg timestamp="20201204 11:37:30.140" level="DEBUG">Finished Request</msg>
<msg timestamp="20201204 11:37:30.140" level="DEBUG">Created Chrome WebDriver instance with session id df0b131cd9cdf5f4e825e4dbaf27d1ff.</msg>
<msg timestamp="20201204 11:37:30.140" level="TRACE">Return: 1</msg>
<status status="PASS" starttime="20201204 11:37:27.112" endtime="20201204 11:37:30.140"></status>
</kw>
<msg timestamp="20201204 11:37:30.140" level="TRACE">Return: None</msg>
<status status="PASS" starttime="20201204 11:37:27.110" endtime="20201204 11:37:30.140"></status>
</kw>
<msg timestamp="20201204 11:37:30.140" level="TRACE">Return: None</msg>
<status status="PASS" starttime="20201204 11:37:27.110" endtime="20201204 11:37:30.140"></status>
</kw>
<kw name="Maximize Browser Window" library="SeleniumLibrary">
<doc>Maximizes current browser window.</doc>
<msg timestamp="20201204 11:37:30.140" level="TRACE">Arguments: [  ]</msg>
<msg timestamp="20201204 11:37:30.141" level="DEBUG">POST http://127.0.0.1:62950/session/df0b131cd9cdf5f4e825e4dbaf27d1ff/window/maximize {}</msg>
<msg timestamp="20201204 11:37:32.287" level="DEBUG">http://127.0.0.1:62950 "POST /session/df0b131cd9cdf5f4e825e4dbaf27d1ff/window/maximize HTTP/1.1" 200 51</msg>
<msg timestamp="20201204 11:37:32.287" level="DEBUG">Finished Request</msg>
<msg timestamp="20201204 11:37:32.287" level="TRACE">Return: None</msg>
<status status="PASS" starttime="20201204 11:37:30.140" endtime="20201204 11:37:32.287"></status>
</kw>
<kw name="Delete All Cookies" library="SeleniumLibrary">
<doc>Deletes all cookies.</doc>
<msg timestamp="20201204 11:37:32.287" level="TRACE">Arguments: [  ]</msg>
<msg timestamp="20201204 11:37:32.287" level="DEBUG">DELETE http://127.0.0.1:62950/session/df0b131cd9cdf5f4e825e4dbaf27d1ff/cookie {}</msg>
<msg timestamp="20201204 11:37:32.294" level="DEBUG">http://127.0.0.1:62950 "DELETE /session/df0b131cd9cdf5f4e825e4dbaf27d1ff/cookie HTTP/1.1" 200 14</msg>
<msg timestamp="20201204 11:37:32.294" level="DEBUG">Finished Request</msg>
<msg timestamp="20201204 11:37:32.294" level="TRACE">Return: None</msg>
<status status="PASS" starttime="20201204 11:37:32.287" endtime="20201204 11:37:32.294"></status>
</kw>
<kw name="Set Selenium Implicit Wait" library="SeleniumLibrary">
<doc>Sets the implicit wait value used by Selenium.</doc>
<arguments>
<arg>${IMPLICIT_WAIT}</arg>
</arguments>
<msg timestamp="20201204 11:37:32.295" level="TRACE">Arguments: [ '30 seconds' ]</msg>
<msg timestamp="20201204 11:37:32.295" level="DEBUG">POST http://127.0.0.1:62950/session/df0b131cd9cdf5f4e825e4dbaf27d1ff/timeouts {"implicit": 30000}</msg>
<msg timestamp="20201204 11:37:32.296" level="DEBUG">http://127.0.0.1:62950 "POST /session/df0b131cd9cdf5f4e825e4dbaf27d1ff/timeouts HTTP/1.1" 200 14</msg>
<msg timestamp="20201204 11:37:32.297" level="DEBUG">Finished Request</msg>
<msg timestamp="20201204 11:37:32.297" level="TRACE">Return: '0 seconds'</msg>
<status status="PASS" starttime="20201204 11:37:32.295" endtime="20201204 11:37:32.297"></status>
</kw>
<kw name="Create Dictionary" library="BuiltIn">
<doc>Creates and returns a dictionary based on the given ``items``.</doc>
<arguments>
<arg>auth_token=${EMPTY}</arg>
</arguments>
<assign>
<var>&amp;{API_DICTIONARY}</var>
</assign>
<msg timestamp="20201204 11:37:32.297" level="TRACE">Arguments: [ 'auth_token=${EMPTY}' ]</msg>
<msg timestamp="20201204 11:37:32.297" level="TRACE">Return: {'auth_token': ''}</msg>
<msg timestamp="20201204 11:37:32.297" level="INFO">&amp;{API_DICTIONARY} = { auth_token= }</msg>
<status status="PASS" starttime="20201204 11:37:32.297" endtime="20201204 11:37:32.297"></status>
</kw>
<kw name="Set Global Variable" library="BuiltIn">
<doc>Makes a variable available globally in all tests and suites.</doc>
<arguments>
<arg>${API_DICTIONARY}</arg>
</arguments>
<msg timestamp="20201204 11:37:32.298" level="TRACE">Arguments: [ '${API_DICTIONARY}' ]</msg>
<msg timestamp="20201204 11:37:32.298" level="INFO">${API_DICTIONARY} = {'auth_token': ''}</msg>
<msg timestamp="20201204 11:37:32.298" level="TRACE">Return: None</msg>
<status status="PASS" starttime="20201204 11:37:32.298" endtime="20201204 11:37:32.298"></status>
</kw>
<msg timestamp="20201204 11:37:32.298" level="TRACE">Return: None</msg>
<status status="PASS" starttime="20201204 11:37:27.098" endtime="20201204 11:37:32.298"></status>
</kw>
<kw name="Perform Google Search" library="google_keywords">
<doc>Google Search
*Author : Niket Shinde*</doc>
<arguments>
<arg>ITR1</arg>
</arguments>
<msg timestamp="20201204 11:37:32.299" level="TRACE">Arguments: [ ${ITR}='ITR1' ]</msg>
<kw name="Keyword Setup" library="common_keywords">
<doc>This is setup keyword for test step
Author : Niket Shinde</doc>
<arguments>
<arg>${ITR}</arg>
</arguments>
<msg timestamp="20201204 11:37:32.299" level="TRACE">Arguments: [ ${ITR}='ITR1' ]</msg>
<kw name="Marge Dictionaries" library="generic">
<doc>Author : Niket Shinde
Description : Marge multiple dictionary  to to_dict
:param to_dict: all dictionaries will marge to this dictionary
:param args: all dictionaries
:return: Marged dictionary</doc>
<arguments>
<arg>${DATA_DICTIONARY}</arg>
<arg>${ORIGINAL_TEST_DICTONARY['${ITR}']}</arg>
</arguments>
<assign>
<var>${DATA_DICTIONARY}</var>
</assign>
<msg timestamp="20201204 11:37:32.300" level="TRACE">Arguments: [ {'CAMP_CATEGORY': '1',
 'CAMP_CODE': '[concat,_,%CAMP_NAME_STR%,%CUST_CODE%]',
 'CAMP_CODE_STR': 'AT_CAMP',
 'CAMP_END_DATE': '[today,date,1,y]',
 'CAMP_NAME': '[concat,_,%CAMP_NAME_STR%,%CUST_CODE%]',
 'CAMP_NAME_STR': 'AT_CAMP',
 'CAMP_START_DATE': '[today,date,-3,m]',
 'CUST_COUNTRY': 'SVERIGE',
 'CUST_EMAIL': '[concat,.,%CUST_FIRST_NAME%,%CUST_LAST_NAME%@tieto.com]',
 'CUST_FIRST_NAME': 'ATCust',
 'CUST_FLAT_NUMBER': '4',
 'CUST_FLOOR_NUMBER': '2',
 'CUST_FULL_NAME': '[concat, ,%CUST_FIRST_NAME%,%CUST_LAST_NAME%]',
 'CUST_LAST_NAME': '[%CUST_SSN%]',
 'CUST_PHONE': '12345778',
 'CUST_POSTAL_CODE': '10005',
 'CUST_STREET_NAME': 'Test str.',
 'CUST_STREET_NUMBER': '1',
 'CUST_TYPE': 'personal',
 'DATASET': 'SET2',
 'EDI_ACTIONDATE': '$date$',
 'EDI_CREATION_DATE': '$date$',
 'GRID_AREA': 'SML',
 'LEAD_ADDITIONAL_PHONE1': '452369874',
 'LEAD_ADDITIONAL_PHONE2': '23658974',
 'LEAD_COUNTRY_CODE': 'SE',
 'LEAD_EMAIL': '[concat,.,%LEAD_FIRST_NAME%,%LEAD_LAST_NAME%@tieto.com]',
 'LEAD_FIRST_NAME': 'ATLead',
 'LEAD_FULL_NAME': '[concat, ,%LEAD_FIRST_NAME%,%LEAD_LAST_NAME%]',
 'LEAD_LANGUAGE': 'sv',
 'LEAD_LAST_NAME': '$SSN$',
 'LEAD_MAIN_PHONE': '985632145874',
 'LEAD_TYPE': 'Residential',
 'MKT_LIST_NAME': '[concat,_,%MKT_LIST_STR%,%CUST_CODE%]',
 'MKT_LIST_STR': 'ATML',
 'PRICE_DATE': '[today,date,-30,days]',
 'RESPONSE_DUE_DATE_EXTERNAL': '$date$',
 'RESPONSE_DUE_DATE_INTERNAL': '$date$',
 'RESTRICTION_CODE_1': 'PERSONALIZED_MARKETING',
 'RESTRICTION_CODE_2': 'PROFILING',
 'RESTRICTION_VALUE_1': 'true',
 'RESTRICTION_VALUE_2': 'false',
 'STANDARD_CONTRACT1': '1876',
 'STANDARD_CONTRACT2': '',
 'STANDARD_CONTRACT3': '',
 'STANDARD_CONTRACT4': '',
 'STANDARD_CONTRACT5': '',
 'TODAY': '$date$',
 'VERSION_DATE': '[today,date,-3,y]'} | {'Text1': 'ITR1'} ]</msg>
<msg timestamp="20201204 11:37:32.300" level="DEBUG" html="yes">&lt;B&gt;Marged dictionary : &lt;/B&gt;{'DATASET': 'SET2', 'CUST_FIRST_NAME': 'ATCust', 'CUST_LAST_NAME': '[%CUST_SSN%]', 'CUST_FULL_NAME': '[concat, ,%CUST_FIRST_NAME%,%CUST_LAST_NAME%]', 'CUST_TYPE': 'personal', 'CUST_STREET_NAME': 'Test str.', 'CUST_STREET_NUMBER': '1', 'CUST_FLAT_NUMBER': '4', 'CUST_FLOOR_NUMBER': '2', 'CUST_POSTAL_CODE': '10005', 'CUST_COUNTRY': 'SVERIGE', 'CUST_EMAIL': '[concat,.,%CUST_FIRST_NAME%,%CUST_LAST_NAME%@tieto.com]', 'CUST_PHONE': '12345778', 'TODAY': '$date$', 'CAMP_NAME_STR': 'AT_CAMP', 'CAMP_NAME': '[concat,_,%CAMP_NAME_STR%,%CUST_CODE%]', 'CAMP_CODE_STR': 'AT_CAMP', 'CAMP_CODE': '[concat,_,%CAMP_NAME_STR%,%CUST_CODE%]', 'CAMP_START_DATE': '[today,date,-3,m]', 'CAMP_END_DATE': '[today,date,1,y]', 'CAMP_CATEGORY': '1', 'RESPONSE_DUE_DATE_INTERNAL': '$date$', 'RESPONSE_DUE_DATE_EXTERNAL': '$date$', 'VERSION_DATE': '[today,date,-3,y]', 'PRICE_DATE': '[today,date,-30,days]', 'GRID_AREA': 'SML', 'STANDARD_CONTRACT1': '1876', 'STANDARD_CONTRACT2': '', 'STANDARD_CONTRACT3': '', 'STANDARD_CONTRACT4': '', 'STANDARD_CONTRACT5': '', 'MKT_LIST_STR': 'ATML', 'MKT_LIST_NAME': '[concat,_,%MKT_LIST_STR%,%CUST_CODE%]', 'LEAD_FIRST_NAME': 'ATLead', 'LEAD_LAST_NAME': '$SSN$', 'LEAD_TYPE': 'Residential', 'LEAD_LANGUAGE': 'sv', 'LEAD_FULL_NAME': '[concat, ,%LEAD_FIRST_NAME%,%LEAD_LAST_NAME%]', 'LEAD_EMAIL': '[concat,.,%LEAD_FIRST_NAME%,%LEAD_LAST_NAME%@tieto.com]', 'LEAD_MAIN_PHONE': '985632145874', 'LEAD_ADDITIONAL_PHONE1': '452369874', 'LEAD_ADDITIONAL_PHONE2': '23658974', 'LEAD_COUNTRY_CODE': 'SE', 'RESTRICTION_CODE_1': 'PERSONALIZED_MARKETING', 'RESTRICTION_VALUE_1': 'true', 'RESTRICTION_CODE_2': 'PROFILING', 'RESTRICTION_VALUE_2': 'false', 'EDI_ACTIONDATE': '$date$', 'EDI_CREATION_DATE': '$date$', 'Text1': 'ITR1'}</msg>
<msg timestamp="20201204 11:37:32.300" level="TRACE">Return: {'CAMP_CATEGORY': '1',
 'CAMP_CODE': '[concat,_,%CAMP_NAME_STR%,%CUST_CODE%]',
 'CAMP_CODE_STR': 'AT_CAMP',
 'CAMP_END_DATE': '[today,date,1,y]',
 'CAMP_NAME': '[concat,_,%CAMP_NAME_STR%,%CUST_CODE%]',
 'CAMP_NAME_STR': 'AT_CAMP',
 'CAMP_START_DATE': '[today,date,-3,m]',
 'CUST_COUNTRY': 'SVERIGE',
 'CUST_EMAIL': '[concat,.,%CUST_FIRST_NAME%,%CUST_LAST_NAME%@tieto.com]',
 'CUST_FIRST_NAME': 'ATCust',
 'CUST_FLAT_NUMBER': '4',
 'CUST_FLOOR_NUMBER': '2',
 'CUST_FULL_NAME': '[concat, ,%CUST_FIRST_NAME%,%CUST_LAST_NAME%]',
 'CUST_LAST_NAME': '[%CUST_SSN%]',
 'CUST_PHONE': '12345778',
 'CUST_POSTAL_CODE': '10005',
 'CUST_STREET_NAME': 'Test str.',
 'CUST_STREET_NUMBER': '1',
 'CUST_TYPE': 'personal',
 'DATASET': 'SET2',
 'EDI_ACTIONDATE': '$date$',
 'EDI_CREATION_DATE': '$date$',
 'GRID_AREA': 'SML',
 'LEAD_ADDITIONAL_PHONE1': '452369874',
 'LEAD_ADDITIONAL_PHONE2': '23658974',
 'LEAD_COUNTRY_CODE': 'SE',
 'LEAD_EMAIL': '[concat,.,%LEAD_FIRST_NAME%,%LEAD_LAST_NAME%@tieto.com]',
 'LEAD_FIRST_NAME': 'ATLead',
 'LEAD_FULL_NAME': '[concat, ,%LEAD_FIRST_NAME%,%LEAD_LAST_NAME%]',
 'LEAD_LANGUAGE': 'sv',
 'LEAD_LAST_NAME': '$SSN$',
 'LEAD_MAIN_PHONE': '985632145874',
 'LEAD_TYPE': 'Residential',
 'MKT_LIST_NAME': '[concat,_,%MKT_LIST_STR%,%CUST_CODE%]',
 'MKT_LIST_STR': 'ATML',
 'PRICE_DATE': '[today,date,-30,days]',
 'RESPONSE_DUE_DATE_EXTERNAL': '$date$',
 'RESPONSE_DUE_DATE_INTERNAL': '$date$',
 'RESTRICTION_CODE_1': 'PERSONALIZED_MARKETING',
 'RESTRICTION_CODE_2': 'PROFILING',
 'RESTRICTION_VALUE_1': 'true',
 'RESTRICTION_VALUE_2': 'false',
 'STANDARD_CONTRACT1': '1876',
 'STANDARD_CONTRACT2': '',
 'STANDARD_CONTRACT3': '',
 'STANDARD_CONTRACT4': '',
 'STANDARD_CONTRACT5': '',
 'TODAY': '$date$',
 'Text1': 'ITR1',
 'VERSION_DATE': '[today,date,-3,y]'}</msg>
<msg timestamp="20201204 11:37:32.301" level="INFO">${DATA_DICTIONARY} = {'DATASET': 'SET2', 'CUST_FIRST_NAME': 'ATCust', 'CUST_LAST_NAME': '[%CUST_SSN%]', 'CUST_FULL_NAME': '[concat, ,%CUST_FIRST_NAME%,%CUST_LAST_NAME%]', 'CUST_TYPE': 'personal', 'CUST_STREET_NAME': 'Test...</msg>
<status status="PASS" starttime="20201204 11:37:32.299" endtime="20201204 11:37:32.301"></status>
</kw>
<kw name="Update Dictionary" library="data_manager">
<doc>Author : Niket Shinde
Description : update values in global dictionary
:param global_dictionary:
:param data_dictionary:
:param file_path:
:param csv_file_delimiter:
:param stritr:
:return: dictionary object</doc>
<arguments>
<arg>${DATA_DICTIONARY}</arg>
<arg>${GLOBAL_TEST_DICTONARY}</arg>
<arg>${PROJECT_PATH}\\TestData\\</arg>
<arg>${CSV_DELIMITER}</arg>
<arg>${ITR}</arg>
</arguments>
<assign>
<var>${DATA_DICTIONARY}</var>
</assign>
<msg timestamp="20201204 11:37:32.301" level="TRACE">Arguments: [ {'CAMP_CATEGORY': '1',
 'CAMP_CODE': '[concat,_,%CAMP_NAME_STR%,%CUST_CODE%]',
 'CAMP_CODE_STR': 'AT_CAMP',
 'CAMP_END_DATE': '[today,date,1,y]',
 'CAMP_NAME': '[concat,_,%CAMP_NAME_STR%,%CUST_CODE%]',
 'CAMP_NAME_STR': 'AT_CAMP',
 'CAMP_START_DATE': '[today,date,-3,m]',
 'CUST_COUNTRY': 'SVERIGE',
 'CUST_EMAIL': '[concat,.,%CUST_FIRST_NAME%,%CUST_LAST_NAME%@tieto.com]',
 'CUST_FIRST_NAME': 'ATCust',
 'CUST_FLAT_NUMBER': '4',
 'CUST_FLOOR_NUMBER': '2',
 'CUST_FULL_NAME': '[concat, ,%CUST_FIRST_NAME%,%CUST_LAST_NAME%]',
 'CUST_LAST_NAME': '[%CUST_SSN%]',
 'CUST_PHONE': '12345778',
 'CUST_POSTAL_CODE': '10005',
 'CUST_STREET_NAME': 'Test str.',
 'CUST_STREET_NUMBER': '1',
 'CUST_TYPE': 'personal',
 'DATASET': 'SET2',
 'EDI_ACTIONDATE': '$date$',
 'EDI_CREATION_DATE': '$date$',
 'GRID_AREA': 'SML',
 'LEAD_ADDITIONAL_PHONE1': '452369874',
 'LEAD_ADDITIONAL_PHONE2': '23658974',
 'LEAD_COUNTRY_CODE': 'SE',
 'LEAD_EMAIL': '[concat,.,%LEAD_FIRST_NAME%,%LEAD_LAST_NAME%@tieto.com]',
 'LEAD_FIRST_NAME': 'ATLead',
 'LEAD_FULL_NAME': '[concat, ,%LEAD_FIRST_NAME%,%LEAD_LAST_NAME%]',
 'LEAD_LANGUAGE': 'sv',
 'LEAD_LAST_NAME': '$SSN$',
 'LEAD_MAIN_PHONE': '985632145874',
 'LEAD_TYPE': 'Residential',
 'MKT_LIST_NAME': '[concat,_,%MKT_LIST_STR%,%CUST_CODE%]',
 'MKT_LIST_STR': 'ATML',
 'PRICE_DATE': '[today,date,-30,days]',
 'RESPONSE_DUE_DATE_EXTERNAL': '$date$',
 'RESPONSE_DUE_DATE_INTERNAL': '$date$',
 'RESTRICTION_CODE_1': 'PERSONALIZED_MARKETING',
 'RESTRICTION_CODE_2': 'PROFILING',
 'RESTRICTION_VALUE_1': 'true',
 'RESTRICTION_VALUE_2': 'false',
 'STANDARD_CONTRACT1': '1876',
 'STANDARD_CONTRACT2': '',
 'STANDARD_CONTRACT3': '',
 'STANDARD_CONTRACT4': '',
 'STANDARD_CONTRACT5': '',
 'TODAY': '$date$',
 'Text1': 'ITR1',
 'VERSION_DATE': '[today,date,-3,y]'} | {'ITR1': {'Text1': 'ITR1'},
 'ITR2': {'Text1': 'ITR2'},
 'ITR3': {'Text1': 'ITR3'},
 'KEYS': {'Text1': 'Text1'}} | 'C:\\Users\\nshinde\\PycharmProjects\\AutomATAhon\\RFProject\\Project1\\TestData\\' | '|' | 'ITR1' ]</msg>
<msg timestamp="20201204 11:37:32.302" level="DEBUG">DATASET : SET2</msg>
<msg timestamp="20201204 11:37:32.302" level="DEBUG">CUST_FIRST_NAME : ATCust</msg>
<msg timestamp="20201204 11:37:32.302" level="DEBUG">CUST_LAST_NAME : [%CUST_SSN%]</msg>
<msg timestamp="20201204 11:37:32.302" level="DEBUG">CUST_FULL_NAME : [concat, ,%CUST_FIRST_NAME%,%CUST_LAST_NAME%]</msg>
<msg timestamp="20201204 11:37:32.302" level="DEBUG">CUST_TYPE : personal</msg>
<msg timestamp="20201204 11:37:32.302" level="DEBUG">CUST_STREET_NAME : Test str.</msg>
<msg timestamp="20201204 11:37:32.302" level="DEBUG">CUST_STREET_NUMBER : 1</msg>
<msg timestamp="20201204 11:37:32.302" level="DEBUG">CUST_FLAT_NUMBER : 4</msg>
<msg timestamp="20201204 11:37:32.302" level="DEBUG">CUST_FLOOR_NUMBER : 2</msg>
<msg timestamp="20201204 11:37:32.302" level="DEBUG">CUST_POSTAL_CODE : 10005</msg>
<msg timestamp="20201204 11:37:32.302" level="DEBUG">CUST_COUNTRY : SVERIGE</msg>
<msg timestamp="20201204 11:37:32.302" level="DEBUG">CUST_EMAIL : [concat,.,%CUST_FIRST_NAME%,%CUST_LAST_NAME%@tieto.com]</msg>
<msg timestamp="20201204 11:37:32.302" level="DEBUG">CUST_PHONE : 12345778</msg>
<msg timestamp="20201204 11:37:32.302" level="DEBUG">TODAY : $date$</msg>
<msg timestamp="20201204 11:37:32.303" level="DEBUG">CAMP_NAME_STR : AT_CAMP</msg>
<msg timestamp="20201204 11:37:32.303" level="DEBUG">CAMP_NAME : [concat,_,%CAMP_NAME_STR%,%CUST_CODE%]</msg>
<msg timestamp="20201204 11:37:32.303" level="DEBUG">CAMP_CODE_STR : AT_CAMP</msg>
<msg timestamp="20201204 11:37:32.303" level="DEBUG">CAMP_CODE : [concat,_,%CAMP_NAME_STR%,%CUST_CODE%]</msg>
<msg timestamp="20201204 11:37:32.303" level="DEBUG">CAMP_START_DATE : [today,date,-3,m]</msg>
<msg timestamp="20201204 11:37:32.303" level="DEBUG">CAMP_END_DATE : [today,date,1,y]</msg>
<msg timestamp="20201204 11:37:32.303" level="DEBUG">CAMP_CATEGORY : 1</msg>
<msg timestamp="20201204 11:37:32.303" level="DEBUG">RESPONSE_DUE_DATE_INTERNAL : $date$</msg>
<msg timestamp="20201204 11:37:32.303" level="DEBUG">RESPONSE_DUE_DATE_EXTERNAL : $date$</msg>
<msg timestamp="20201204 11:37:32.303" level="DEBUG">VERSION_DATE : [today,date,-3,y]</msg>
<msg timestamp="20201204 11:37:32.303" level="DEBUG">PRICE_DATE : [today,date,-30,days]</msg>
<msg timestamp="20201204 11:37:32.303" level="DEBUG">GRID_AREA : SML</msg>
<msg timestamp="20201204 11:37:32.303" level="DEBUG">STANDARD_CONTRACT1 : 1876</msg>
<msg timestamp="20201204 11:37:32.303" level="DEBUG">STANDARD_CONTRACT2 : </msg>
<msg timestamp="20201204 11:37:32.303" level="DEBUG">STANDARD_CONTRACT3 : </msg>
<msg timestamp="20201204 11:37:32.303" level="DEBUG">STANDARD_CONTRACT4 : </msg>
<msg timestamp="20201204 11:37:32.303" level="DEBUG">STANDARD_CONTRACT5 : </msg>
<msg timestamp="20201204 11:37:32.303" level="DEBUG">MKT_LIST_STR : ATML</msg>
<msg timestamp="20201204 11:37:32.303" level="DEBUG">MKT_LIST_NAME : [concat,_,%MKT_LIST_STR%,%CUST_CODE%]</msg>
<msg timestamp="20201204 11:37:32.303" level="DEBUG">LEAD_FIRST_NAME : ATLead</msg>
<msg timestamp="20201204 11:37:32.303" level="DEBUG">LEAD_LAST_NAME : $SSN$</msg>
<msg timestamp="20201204 11:37:32.314" level="DEBUG">LEAD_TYPE : Residential</msg>
<msg timestamp="20201204 11:37:32.314" level="DEBUG">LEAD_LANGUAGE : sv</msg>
<msg timestamp="20201204 11:37:32.314" level="DEBUG">LEAD_FULL_NAME : [concat, ,%LEAD_FIRST_NAME%,%LEAD_LAST_NAME%]</msg>
<msg timestamp="20201204 11:37:32.314" level="DEBUG">LEAD_EMAIL : [concat,.,%LEAD_FIRST_NAME%,%LEAD_LAST_NAME%@tieto.com]</msg>
<msg timestamp="20201204 11:37:32.314" level="DEBUG">LEAD_MAIN_PHONE : 985632145874</msg>
<msg timestamp="20201204 11:37:32.314" level="DEBUG">LEAD_ADDITIONAL_PHONE1 : 452369874</msg>
<msg timestamp="20201204 11:37:32.314" level="DEBUG">LEAD_ADDITIONAL_PHONE2 : 23658974</msg>
<msg timestamp="20201204 11:37:32.314" level="DEBUG">LEAD_COUNTRY_CODE : SE</msg>
<msg timestamp="20201204 11:37:32.314" level="DEBUG">RESTRICTION_CODE_1 : PERSONALIZED_MARKETING</msg>
<msg timestamp="20201204 11:37:32.314" level="DEBUG">RESTRICTION_VALUE_1 : true</msg>
<msg timestamp="20201204 11:37:32.314" level="DEBUG">RESTRICTION_CODE_2 : PROFILING</msg>
<msg timestamp="20201204 11:37:32.314" level="DEBUG">RESTRICTION_VALUE_2 : false</msg>
<msg timestamp="20201204 11:37:32.314" level="DEBUG">EDI_ACTIONDATE : $date$</msg>
<msg timestamp="20201204 11:37:32.314" level="DEBUG">EDI_CREATION_DATE : $date$</msg>
<msg timestamp="20201204 11:37:32.314" level="DEBUG">Text1 : ITR1</msg>
<msg timestamp="20201204 11:37:32.314" level="DEBUG">Updated Test Dictionary Node : [Text1] : ITR1</msg>
<msg timestamp="20201204 11:37:32.315" level="DEBUG" html="yes">&lt;B&gt;After update value in Global Data dictionary :  &lt;/B&gt;{'DATASET': 'SET2', 'CUST_FIRST_NAME': 'ATCust', 'CUST_LAST_NAME': '%CUST_SSN%', 'CUST_FULL_NAME': 'ATCust %CUST_SSN%', 'CUST_TYPE': 'personal', 'CUST_STREET_NAME': 'Test str.', 'CUST_STREET_NUMBER': '1', 'CUST_FLAT_NUMBER': '4', 'CUST_FLOOR_NUMBER': '2', 'CUST_POSTAL_CODE': '10005', 'CUST_COUNTRY': 'SVERIGE', 'CUST_EMAIL': 'ATCust.%CUST_SSN%@tieto.com', 'CUST_PHONE': '12345778', 'TODAY': '2020-12-04', 'CAMP_NAME_STR': 'AT_CAMP', 'CAMP_NAME': 'AT_CAMP_%CUST_CODE%', 'CAMP_CODE_STR': 'AT_CAMP', 'CAMP_CODE': 'AT_CAMP_%CUST_CODE%', 'CAMP_START_DATE': '[today,date,-3,m]', 'CAMP_END_DATE': '[today,date,1,y]', 'CAMP_CATEGORY': '1', 'RESPONSE_DUE_DATE_INTERNAL': '2020-12-04', 'RESPONSE_DUE_DATE_EXTERNAL': '2020-12-04', 'VERSION_DATE': '[today,date,-3,y]', 'PRICE_DATE': '[today,date,-30,days]', 'GRID_AREA': 'SML', 'STANDARD_CONTRACT1': '1876', 'STANDARD_CONTRACT2': '', 'STANDARD_CONTRACT3': '', 'STANDARD_CONTRACT4': '', 'STANDARD_CONTRACT5': '', 'MKT_LIST_STR': 'ATML', 'MKT_LIST_NAME': 'ATML_%CUST_CODE%', 'LEAD_FIRST_NAME': 'ATLead', 'LEAD_LAST_NAME': '190707218954', 'LEAD_TYPE': 'Residential', 'LEAD_LANGUAGE': 'sv', 'LEAD_FULL_NAME': 'ATLead 190707218954', 'LEAD_EMAIL': 'ATLead.190707218954@tieto.com', 'LEAD_MAIN_PHONE': '985632145874', 'LEAD_ADDITIONAL_PHONE1': '452369874', 'LEAD_ADDITIONAL_PHONE2': '23658974', 'LEAD_COUNTRY_CODE': 'SE', 'RESTRICTION_CODE_1': 'PERSONALIZED_MARKETING', 'RESTRICTION_VALUE_1': 'true', 'RESTRICTION_CODE_2': 'PROFILING', 'RESTRICTION_VALUE_2': 'false', 'EDI_ACTIONDATE': '2020-12-04', 'EDI_CREATION_DATE': '2020-12-04', 'Text1': 'ITR1'}</msg>
<msg timestamp="20201204 11:37:32.315" level="INFO">['%CUST_SSN%']
['concat', ' ', '%CUST_FIRST_NAME%', '%CUST_LAST_NAME%']
cell_value :  ATCust %CUST_SSN%
ATCust %CUST_SSN%
['concat', '.', '%CUST_FIRST_NAME%', '%CUST_LAST_NAME%@tieto.com']
cell_value :  ATCust.%CUST_SSN%@tieto.com
ATCust.%CUST_SSN%@tieto.com
['concat', '_', '%CAMP_NAME_STR%', '%CUST_CODE%']
cell_value :  AT_CAMP_%CUST_CODE%
AT_CAMP_%CUST_CODE%
['concat', '_', '%CAMP_NAME_STR%', '%CUST_CODE%']
cell_value :  AT_CAMP_%CUST_CODE%
AT_CAMP_%CUST_CODE%
['today', 'date', '-3', 'm']
[today,date,-3,m]
['today', 'date', '1', 'y']
[today,date,1,y]
['today', 'date', '-3', 'y']
[today,date,-3,y]
['today', 'date', '-30', 'days']
[today,date,-30,days]
['concat', '_', '%MKT_LIST_STR%', '%CUST_CODE%']
cell_value :  ATML_%CUST_CODE%
ATML_%CUST_CODE%
Valid SSN Number for  Sweden :  190707218954
SSN : 190707218954
['concat', ' ', '%LEAD_FIRST_NAME%', '%LEAD_LAST_NAME%']
cell_value :  ATLead 190707218954
ATLead 190707218954
['concat', '.', '%LEAD_FIRST_NAME%', '%LEAD_LAST_NAME%@tieto.com']
cell_value :  ATLead.190707218954@tieto.com
ATLead.190707218954@tieto.com</msg>
<msg timestamp="20201204 11:37:32.315" level="TRACE">Return: {'CAMP_CATEGORY': '1',
 'CAMP_CODE': 'AT_CAMP_%CUST_CODE%',
 'CAMP_CODE_STR': 'AT_CAMP',
 'CAMP_END_DATE': '[today,date,1,y]',
 'CAMP_NAME': 'AT_CAMP_%CUST_CODE%',
 'CAMP_NAME_STR': 'AT_CAMP',
 'CAMP_START_DATE': '[today,date,-3,m]',
 'CUST_COUNTRY': 'SVERIGE',
 'CUST_EMAIL': 'ATCust.%CUST_SSN%@tieto.com',
 'CUST_FIRST_NAME': 'ATCust',
 'CUST_FLAT_NUMBER': '4',
 'CUST_FLOOR_NUMBER': '2',
 'CUST_FULL_NAME': 'ATCust %CUST_SSN%',
 'CUST_LAST_NAME': '%CUST_SSN%',
 'CUST_PHONE': '12345778',
 'CUST_POSTAL_CODE': '10005',
 'CUST_STREET_NAME': 'Test str.',
 'CUST_STREET_NUMBER': '1',
 'CUST_TYPE': 'personal',
 'DATASET': 'SET2',
 'EDI_ACTIONDATE': '2020-12-04',
 'EDI_CREATION_DATE': '2020-12-04',
 'GRID_AREA': 'SML',
 'LEAD_ADDITIONAL_PHONE1': '452369874',
 'LEAD_ADDITIONAL_PHONE2': '23658974',
 'LEAD_COUNTRY_CODE': 'SE',
 'LEAD_EMAIL': 'ATLead.190707218954@tieto.com',
 'LEAD_FIRST_NAME': 'ATLead',
 'LEAD_FULL_NAME': 'ATLead 190707218954',
 'LEAD_LANGUAGE': 'sv',
 'LEAD_LAST_NAME': '190707218954',
 'LEAD_MAIN_PHONE': '985632145874',
 'LEAD_TYPE': 'Residential',
 'MKT_LIST_NAME': 'ATML_%CUST_CODE%',
 'MKT_LIST_STR': 'ATML',
 'PRICE_DATE': '[today,date,-30,days]',
 'RESPONSE_DUE_DATE_EXTERNAL': '2020-12-04',
 'RESPONSE_DUE_DATE_INTERNAL': '2020-12-04',
 'RESTRICTION_CODE_1': 'PERSONALIZED_MARKETING',
 'RESTRICTION_CODE_2': 'PROFILING',
 'RESTRICTION_VALUE_1': 'true',
 'RESTRICTION_VALUE_2': 'false',
 'STANDARD_CONTRACT1': '1876',
 'STANDARD_CONTRACT2': '',
 'STANDARD_CONTRACT3': '',
 'STANDARD_CONTRACT4': '',
 'STANDARD_CONTRACT5': '',
 'TODAY': '2020-12-04',
 'Text1': 'ITR1',
 'VERSION_DATE': '[today,date,-3,y]'}</msg>
<msg timestamp="20201204 11:37:32.315" level="INFO">${DATA_DICTIONARY} = {'DATASET': 'SET2', 'CUST_FIRST_NAME': 'ATCust', 'CUST_LAST_NAME': '%CUST_SSN%', 'CUST_FULL_NAME': 'ATCust %CUST_SSN%', 'CUST_TYPE': 'personal', 'CUST_STREET_NAME': 'Test str.', 'CUST_STREET_NUMBER': ...</msg>
<status status="PASS" starttime="20201204 11:37:32.301" endtime="20201204 11:37:32.315"></status>
</kw>
<kw name="Set Global Variable" library="BuiltIn">
<doc>Makes a variable available globally in all tests and suites.</doc>
<arguments>
<arg>${DATA_DICTIONARY}</arg>
</arguments>
<msg timestamp="20201204 11:37:32.316" level="TRACE">Arguments: [ '${DATA_DICTIONARY}' ]</msg>
<msg timestamp="20201204 11:37:32.316" level="INFO">${DATA_DICTIONARY} = {'DATASET': 'SET2', 'CUST_FIRST_NAME': 'ATCust', 'CUST_LAST_NAME': '%CUST_SSN%', 'CUST_FULL_NAME': 'ATCust %CUST_SSN%', 'CUST_TYPE': 'personal', 'CUST_STREET_NAME': 'Test str.', 'CUST_STREET_NUMBER': ...</msg>
<msg timestamp="20201204 11:37:32.316" level="TRACE">Return: None</msg>
<status status="PASS" starttime="20201204 11:37:32.315" endtime="20201204 11:37:32.316"></status>
</kw>
<msg timestamp="20201204 11:37:32.316" level="TRACE">Return: None</msg>
<status status="PASS" starttime="20201204 11:37:32.299" endtime="20201204 11:37:32.316"></status>
</kw>
<kw name="Open Google Search" library="google_search">
<msg timestamp="20201204 11:37:32.316" level="TRACE">Arguments: [  ]</msg>
<kw name="Go To" library="SeleniumLibrary">
<doc>Navigates the current browser window to the provided ``url``.</doc>
<arguments>
<arg>${ENVIRONMENT['APPLICATION1_URL']}</arg>
</arguments>
<msg timestamp="20201204 11:37:32.317" level="TRACE">Arguments: [ 'https://www.google.com/' ]</msg>
<msg timestamp="20201204 11:37:32.317" level="INFO">Opening url 'https://www.google.com/'</msg>
<msg timestamp="20201204 11:37:32.317" level="DEBUG">POST http://127.0.0.1:62950/session/df0b131cd9cdf5f4e825e4dbaf27d1ff/url {"url": "https://www.google.com/"}</msg>
<msg timestamp="20201204 11:37:33.303" level="DEBUG">http://127.0.0.1:62950 "POST /session/df0b131cd9cdf5f4e825e4dbaf27d1ff/url HTTP/1.1" 200 14</msg>
<msg timestamp="20201204 11:37:33.304" level="DEBUG">Finished Request</msg>
<msg timestamp="20201204 11:37:33.304" level="TRACE">Return: None</msg>
<status status="PASS" starttime="20201204 11:37:32.317" endtime="20201204 11:37:33.304"></status>
</kw>
<msg timestamp="20201204 11:37:33.304" level="TRACE">Return: None</msg>
<status status="PASS" starttime="20201204 11:37:32.316" endtime="20201204 11:37:33.304"></status>
</kw>
<kw name="Verify Home page Loaded" library="google_search">
<doc>Author : Niket Shinde</doc>
<msg timestamp="20201204 11:37:33.304" level="TRACE">Arguments: [  ]</msg>
<kw name="Wait Until Page Contains Element" library="SeleniumLibrary">
<doc>Waits until the element ``locator`` appears on the current page.</doc>
<arguments>
<arg>${SearchButton_HomePage}</arg>
<arg>timeout=${TIMEOUT_WAIT}</arg>
</arguments>
<msg timestamp="20201204 11:37:33.305" level="TRACE">Arguments: [ "//div[@id='searchform']//div[@class='FPdoLc tfB0Bf']//input[@value='Google Search']" | timeout='30s' ]</msg>
<msg timestamp="20201204 11:37:33.305" level="DEBUG">POST http://127.0.0.1:62950/session/df0b131cd9cdf5f4e825e4dbaf27d1ff/elements {"using": "xpath", "value": "//div[@id='searchform']//div[@class='FPdoLc tfB0Bf']//input[@value='Google Search']"}</msg>
<msg timestamp="20201204 11:37:33.317" level="DEBUG">http://127.0.0.1:62950 "POST /session/df0b131cd9cdf5f4e825e4dbaf27d1ff/elements HTTP/1.1" 200 90</msg>
<msg timestamp="20201204 11:37:33.317" level="DEBUG">Finished Request</msg>
<msg timestamp="20201204 11:37:33.317" level="TRACE">Return: None</msg>
<status status="PASS" starttime="20201204 11:37:33.304" endtime="20201204 11:37:33.317"></status>
</kw>
<msg timestamp="20201204 11:37:33.317" level="TRACE">Return: None</msg>
<status status="PASS" starttime="20201204 11:37:33.304" endtime="20201204 11:37:33.317"></status>
</kw>
<kw name="Enter Search Text" library="google_search">
<arguments>
<arg>${DATA_DICTIONARY['Text1']}</arg>
</arguments>
<msg timestamp="20201204 11:37:33.318" level="TRACE">Arguments: [ ${text}='ITR1' ]</msg>
<kw name="Input Text" library="SeleniumLibrary">
<doc>Types the given ``text`` into the text field identified by ``locator``.</doc>
<arguments>
<arg>${SearchInput_HomePage}</arg>
<arg>${text}</arg>
</arguments>
<msg timestamp="20201204 11:37:33.319" level="TRACE">Arguments: [ "//input[@title='Search']" | 'ITR1' ]</msg>
<msg timestamp="20201204 11:37:33.319" level="INFO">Typing text 'ITR1' into text field '//input[@title='Search']'.</msg>
<msg timestamp="20201204 11:37:33.319" level="DEBUG">POST http://127.0.0.1:62950/session/df0b131cd9cdf5f4e825e4dbaf27d1ff/elements {"using": "xpath", "value": "//input[@title='Search']"}</msg>
<msg timestamp="20201204 11:37:33.329" level="DEBUG">http://127.0.0.1:62950 "POST /session/df0b131cd9cdf5f4e825e4dbaf27d1ff/elements HTTP/1.1" 200 90</msg>
<msg timestamp="20201204 11:37:33.329" level="DEBUG">Finished Request</msg>
<msg timestamp="20201204 11:37:33.329" level="DEBUG">POST http://127.0.0.1:62950/session/df0b131cd9cdf5f4e825e4dbaf27d1ff/element/e7c67eb8-51e4-41d6-afbf-b6ca31138f52/clear {"id": "e7c67eb8-51e4-41d6-afbf-b6ca31138f52"}</msg>
<msg timestamp="20201204 11:37:33.353" level="DEBUG">http://127.0.0.1:62950 "POST /session/df0b131cd9cdf5f4e825e4dbaf27d1ff/element/e7c67eb8-51e4-41d6-afbf-b6ca31138f52/clear HTTP/1.1" 200 14</msg>
<msg timestamp="20201204 11:37:33.354" level="DEBUG">Finished Request</msg>
<msg timestamp="20201204 11:37:33.354" level="DEBUG">POST http://127.0.0.1:62950/session/df0b131cd9cdf5f4e825e4dbaf27d1ff/element/e7c67eb8-51e4-41d6-afbf-b6ca31138f52/value {"text": "ITR1", "value": ["I", "T", "R", "1"], "id": "e7c67eb8-51e4-41d6-afbf-b6ca31138f52"}</msg>
<msg timestamp="20201204 11:37:33.391" level="DEBUG">http://127.0.0.1:62950 "POST /session/df0b131cd9cdf5f4e825e4dbaf27d1ff/element/e7c67eb8-51e4-41d6-afbf-b6ca31138f52/value HTTP/1.1" 200 14</msg>
<msg timestamp="20201204 11:37:33.391" level="DEBUG">Finished Request</msg>
<msg timestamp="20201204 11:37:33.391" level="TRACE">Return: None</msg>
<status status="PASS" starttime="20201204 11:37:33.318" endtime="20201204 11:37:33.391"></status>
</kw>
<msg timestamp="20201204 11:37:33.392" level="TRACE">Return: None</msg>
<status status="PASS" starttime="20201204 11:37:33.318" endtime="20201204 11:37:33.392"></status>
</kw>
<kw name="Click on Google Search Button" library="google_search">
<doc>Author : Niket Shinde</doc>
<msg timestamp="20201204 11:37:33.392" level="TRACE">Arguments: [  ]</msg>
<kw name="Click Button" library="SeleniumLibrary">
<doc>Clicks the button identified by ``locator``.</doc>
<arguments>
<arg>${SearchButton_HomePage}</arg>
</arguments>
<msg timestamp="20201204 11:37:33.392" level="TRACE">Arguments: [ "//div[@id='searchform']//div[@class='FPdoLc tfB0Bf']//input[@value='Google Search']" ]</msg>
<msg timestamp="20201204 11:37:33.392" level="INFO">Clicking button '//div[@id='searchform']//div[@class='FPdoLc tfB0Bf']//input[@value='Google Search']'.</msg>
<msg timestamp="20201204 11:37:33.393" level="DEBUG">POST http://127.0.0.1:62950/session/df0b131cd9cdf5f4e825e4dbaf27d1ff/elements {"using": "xpath", "value": "//div[@id='searchform']//div[@class='FPdoLc tfB0Bf']//input[@value='Google Search']"}</msg>
<msg timestamp="20201204 11:37:33.399" level="DEBUG">http://127.0.0.1:62950 "POST /session/df0b131cd9cdf5f4e825e4dbaf27d1ff/elements HTTP/1.1" 200 90</msg>
<msg timestamp="20201204 11:37:33.399" level="DEBUG">Finished Request</msg>
<msg timestamp="20201204 11:37:33.399" level="DEBUG">GET http://127.0.0.1:62950/session/df0b131cd9cdf5f4e825e4dbaf27d1ff/element/18f71dbe-93d7-4094-b104-b058964f0cd5/name {"id": "18f71dbe-93d7-4094-b104-b058964f0cd5"}</msg>
<msg timestamp="20201204 11:37:33.404" level="DEBUG">http://127.0.0.1:62950 "GET /session/df0b131cd9cdf5f4e825e4dbaf27d1ff/element/18f71dbe-93d7-4094-b104-b058964f0cd5/name HTTP/1.1" 200 17</msg>
<msg timestamp="20201204 11:37:33.404" level="DEBUG">Finished Request</msg>
<msg timestamp="20201204 11:37:33.404" level="DEBUG">POST http://127.0.0.1:62950/session/df0b131cd9cdf5f4e825e4dbaf27d1ff/element/18f71dbe-93d7-4094-b104-b058964f0cd5/click {"id": "18f71dbe-93d7-4094-b104-b058964f0cd5"}</msg>
<msg timestamp="20201204 11:37:34.316" level="DEBUG">http://127.0.0.1:62950 "POST /session/df0b131cd9cdf5f4e825e4dbaf27d1ff/element/18f71dbe-93d7-4094-b104-b058964f0cd5/click HTTP/1.1" 200 14</msg>
<msg timestamp="20201204 11:37:34.316" level="DEBUG">Finished Request</msg>
<msg timestamp="20201204 11:37:34.316" level="TRACE">Return: None</msg>
<status status="PASS" starttime="20201204 11:37:33.392" endtime="20201204 11:37:34.316"></status>
</kw>
<msg timestamp="20201204 11:37:34.316" level="TRACE">Return: None</msg>
<status status="PASS" starttime="20201204 11:37:33.392" endtime="20201204 11:37:34.316"></status>
</kw>
<kw name="Keyword Teardown" library="common_keywords" type="teardown">
<doc>This is teardown keyword for test step
Author : Niket Shinde</doc>
<arguments>
<arg>${ITR}</arg>
</arguments>
<msg timestamp="20201204 11:37:34.317" level="TRACE">Arguments: [ ${ITR}='ITR1' ]</msg>
<kw name="Log" library="BuiltIn">
<doc>Logs the given message with the given level.</doc>
<arguments>
<arg>${API_DICTIONARY}</arg>
<arg>level=DEBUG</arg>
</arguments>
<msg timestamp="20201204 11:37:34.317" level="TRACE">Arguments: [ {'auth_token': ''} | level='DEBUG' ]</msg>
<msg timestamp="20201204 11:37:34.317" level="DEBUG">{'auth_token': ''}</msg>
<msg timestamp="20201204 11:37:34.317" level="TRACE">Return: None</msg>
<status status="PASS" starttime="20201204 11:37:34.317" endtime="20201204 11:37:34.317"></status>
</kw>
<kw name="Marge Test Dictionaries" library="data_manager">
<doc>Author : Niket Shinde
Description : Marge updated value from global dictionary to test dictionary with respective iteration
:param itr: iteration
:param test_dictionary: test data dictionary
:param gobal_dictionary: global data dictionary
:return: dictionary object</doc>
<arguments>
<arg>${ITR}</arg>
<arg>${GLOBAL_TEST_DICTONARY}</arg>
<arg>${DATA_DICTIONARY}</arg>
</arguments>
<assign>
<var>${GLOBAL_TEST_DICTONARY}</var>
</assign>
<msg timestamp="20201204 11:37:34.318" level="TRACE">Arguments: [ 'ITR1' | {'ITR1': {'Text1': 'ITR1'},
 'ITR2': {'Text1': 'ITR2'},
 'ITR3': {'Text1': 'ITR3'},
 'KEYS': {'Text1': 'Text1'}} | {'CAMP_CATEGORY': '1',
 'CAMP_CODE': 'AT_CAMP_%CUST_CODE%',
 'CAMP_CODE_STR': 'AT_CAMP',
 'CAMP_END_DATE': '[today,date,1,y]',
 'CAMP_NAME': 'AT_CAMP_%CUST_CODE%',
 'CAMP_NAME_STR': 'AT_CAMP',
 'CAMP_START_DATE': '[today,date,-3,m]',
 'CUST_COUNTRY': 'SVERIGE',
 'CUST_EMAIL': 'ATCust.%CUST_SSN%@tieto.com',
 'CUST_FIRST_NAME': 'ATCust',
 'CUST_FLAT_NUMBER': '4',
 'CUST_FLOOR_NUMBER': '2',
 'CUST_FULL_NAME': 'ATCust %CUST_SSN%',
 'CUST_LAST_NAME': '%CUST_SSN%',
 'CUST_PHONE': '12345778',
 'CUST_POSTAL_CODE': '10005',
 'CUST_STREET_NAME': 'Test str.',
 'CUST_STREET_NUMBER': '1',
 'CUST_TYPE': 'personal',
 'DATASET': 'SET2',
 'EDI_ACTIONDATE': '2020-12-04',
 'EDI_CREATION_DATE': '2020-12-04',
 'GRID_AREA': 'SML',
 'LEAD_ADDITIONAL_PHONE1': '452369874',
 'LEAD_ADDITIONAL_PHONE2': '23658974',
 'LEAD_COUNTRY_CODE': 'SE',
 'LEAD_EMAIL': 'ATLead.190707218954@tieto.com',
 'LEAD_FIRST_NAME': 'ATLead',
 'LEAD_FULL_NAME': 'ATLead 190707218954',
 'LEAD_LANGUAGE': 'sv',
 'LEAD_LAST_NAME': '190707218954',
 'LEAD_MAIN_PHONE': '985632145874',
 'LEAD_TYPE': 'Residential',
 'MKT_LIST_NAME': 'ATML_%CUST_CODE%',
 'MKT_LIST_STR': 'ATML',
 'PRICE_DATE': '[today,date,-30,days]',
 'RESPONSE_DUE_DATE_EXTERNAL': '2020-12-04',
 'RESPONSE_DUE_DATE_INTERNAL': '2020-12-04',
 'RESTRICTION_CODE_1': 'PERSONALIZED_MARKETING',
 'RESTRICTION_CODE_2': 'PROFILING',
 'RESTRICTION_VALUE_1': 'true',
 'RESTRICTION_VALUE_2': 'false',
 'STANDARD_CONTRACT1': '1876',
 'STANDARD_CONTRACT2': '',
 'STANDARD_CONTRACT3': '',
 'STANDARD_CONTRACT4': '',
 'STANDARD_CONTRACT5': '',
 'TODAY': '2020-12-04',
 'Text1': 'ITR1',
 'VERSION_DATE': '[today,date,-3,y]'} ]</msg>
[...]
<msg timestamp="20201204 11:37:34.323" level="TRACE">Return: None</msg>
<status status="PASS" starttime="20201204 11:37:34.321" endtime="20201204 11:37:34.323"></status>
</kw>
<kw name="Test Dictionary To Csv" library="data_manager">
<doc>Author : Niket Shinde
Description : import test data dictionary to test data csv
:param dictdata: test data dictionary
:param file_path: imported to path
:param csv_file_delimiter:
:return:</doc>
<arguments>
<arg>${GLOBAL_TEST_DICTONARY}</arg>
<arg>${OUTPUT DIR}\\${TEST NAME}_TestData_${ENV}</arg>
<arg>${CSV_DELIMITER}</arg>
</arguments>
<msg timestamp="20201204 11:37:34.324" level="TRACE">Arguments: [ {'ITR1': {'CAMP_CATEGORY': '1',
          'CAMP_CODE': 'AT_CAMP_%CUST_CODE%',
          'CAMP_CODE_STR': 'AT_CAMP',
          'CAMP_END_DATE': '[today,date,1,y]',
          'CAMP_NAME': 'AT_CAMP_%CUST_CODE%',
          'CAMP_NAME_STR': 'AT_CAMP',
          'CAMP_START_DATE': '[today,date,-3,m]',
          'CUST_COUNTRY': 'SVERIGE',
          'CUST_EMAIL': 'ATCust.%CUST_SSN%@tieto.com',
          'CUST_FIRST_NAME': 'ATCust',
          'CUST_FLAT_NUMBER': '4',
          'CUST_FLOOR_NUMBER': '2',
          'CUST_FULL_NAME': 'ATCust %CUST_SSN%',
          'CUST_LAST_NAME': '%CUST_SSN%',
          'CUST_PHONE': '12345778',
          'CUST_POSTAL_CODE': '10005',
          'CUST_STREET_NAME': 'Test str.',
          'CUST_STREET_NUMBER': '1',
          'CUST_TYPE': 'personal',
          'DATASET': 'SET2',
          'EDI_ACTIONDATE': '2020-12-04',
          'EDI_CREATION_DATE': '2020-12-04',
          'GRID_AREA': 'SML',
          'LEAD_ADDITIONAL_PHONE1': '452369874',
          'LEAD_ADDITIONAL_PHONE2': '23658974',
          'LEAD_COUNTRY_CODE': 'SE',
          'LEAD_EMAIL': 'ATLead.190707218954@tieto.com',
          'LEAD_FIRST_NAME': 'ATLead',
          'LEAD_FULL_NAME': 'ATLead 190707218954',
          'LEAD_LANGUAGE': 'sv',
          'LEAD_LAST_NAME': '190707218954',
          'LEAD_MAIN_PHONE': '985632145874',
          'LEAD_TYPE': 'Residential',
          'MKT_LIST_NAME': 'ATML_%CUST_CODE%',
          'MKT_LIST_STR': 'ATML',
          'PRICE_DATE': '[today,date,-30,days]',
          'RESPONSE_DUE_DATE_EXTERNAL': '2020-12-04',
          'RESPONSE_DUE_DATE_INTERNAL': '2020-12-04',
          'RESTRICTION_CODE_1': 'PERSONALIZED_MARKETING',
          'RESTRICTION_CODE_2': 'PROFILING',
          'RESTRICTION_VALUE_1': 'true',
          'RESTRICTION_VALUE_2': 'false',
          'STANDARD_CONTRACT1': '1876',
          'STANDARD_CONTRACT2': '',
          'STANDARD_CONTRACT3': '',
          'STANDARD_CONTRACT4': '',
          'STANDARD_CONTRACT5': '',
          'TODAY': '2020-12-04',
          'Text1': 'ITR1',
          'VERSION_DATE': '[today,date,-3,y]'},
 'ITR2': {'CAMP_CATEGORY': '',
          'CAMP_CODE': '',
          'CAMP_CODE_STR': '',
          'CAMP_END_DATE': '',
          'CAMP_NAME': '',
          'CAMP_NAME_STR': '',
          'CAMP_START_DATE': '',
          'CUST_COUNTRY': '',
          'CUST_EMAIL': '',
          'CUST_FIRST_NAME': '',
          'CUST_FLAT_NUMBER': '',
          'CUST_FLOOR_NUMBER': '',
          'CUST_FULL_NAME': '',
          'CUST_LAST_NAME': '',
          'CUST_PHONE': '',
          'CUST_POSTAL_CODE': '',
          'CUST_STREET_NAME': '',
          'CUST_STREET_NUMBER': '',
          'CUST_TYPE': '',
          'DATASET': '',
          'EDI_ACTIONDATE': '',
          'EDI_CREATION_DATE': '',
          'GRID_AREA': '',
          'LEAD_ADDITIONAL_PHONE1': '',
          'LEAD_ADDITIONAL_PHONE2': '',
          'LEAD_COUNTRY_CODE': '',
          'LEAD_EMAIL': '',
          'LEAD_FIRST_NAME': '',
          'LEAD_FULL_NAME': '',
          'LEAD_LANGUAGE': '',
          'LEAD_LAST_NAME': '',
          'LEAD_MAIN_PHONE': '',
          'LEAD_TYPE': '',
          'MKT_LIST_NAME': '',
          'MKT_LIST_STR': '',
          'PRICE_DATE': '',
          'RESPONSE_DUE_DATE_EXTERNAL': '',
          'RESPONSE_DUE_DATE_INTERNAL': '',
          'RESTRICTION_CODE_1': '',
          'RESTRICTION_CODE_2': '',
          'RESTRICTION_VALUE_1': '',
          'RESTRICTION_VALUE_2': '',
          'STANDARD_CONTRACT1': '',
          'STANDARD_CONTRACT2': '',
          'STANDARD_CONTRACT3': '',
          'STANDARD_CONTRACT4': '',
          'STANDARD_CONTRACT5': '',
          'TODAY': '',
          'Text1': 'ITR2',
          'VERSION_DATE': ''},
 'ITR3': {'CAMP_CATEGORY': '',
          'CAMP_CODE': '',
          'CAMP_CODE_STR': '',
          'CAMP_END_DATE': '',
          'CAMP_NAME': '',
          'CAMP_NAME_STR': '',
          'CAMP_START_DATE': '',
          'CUST_COUNTRY': '',
          'CUST_EMAIL': '',
          'CUST_FIRST_NAME': '',
          'CUST_FLAT_NUMBER': '',
          'CUST_FLOOR_NUMBER': '',
          'CUST_FULL_NAME': '',
          'CUST_LAST_NAME': '',
          'CUST_PHONE': '',
          'CUST_POSTAL_CODE': '',
          'CUST_STREET_NAME': '',
          'CUST_STREET_NUMBER': '',
          'CUST_TYPE': '',
          'DATASET': '',
          'EDI_ACTIONDATE': '',
          'EDI_CREATION_DATE': '',
          'GRID_AREA': '',
          'LEAD_ADDITIONAL_PHONE1': '',
          'LEAD_ADDITIONAL_PHONE2': '',
          'LEAD_COUNTRY_CODE': '',
          'LEAD_EMAIL': '',
          'LEAD_FIRST_NAME': '',
          'LEAD_FULL_NAME': '',
          'LEAD_LANGUAGE': '',
          'LEAD_LAST_NAME': '',
          'LEAD_MAIN_PHONE': '',
          'LEAD_TYPE': '',
          'MKT_LIST_NAME': '',
          'MKT_LIST_STR': '',
          'PRICE_DATE': '',
          'RESPONSE_DUE_DATE_EXTERNAL': '',
          'RESPONSE_DUE_DATE_INTERNAL': '',
          'RESTRICTION_CODE_1': '',
          'RESTRICTION_CODE_2': '',
          'RESTRICTION_VALUE_1': '',
          'RESTRICTION_VALUE_2': '',
          'STANDARD_CONTRACT1': '',
          'STANDARD_CONTRACT2': '',
          'STANDARD_CONTRACT3': '',
          'STANDARD_CONTRACT4': '',
          'STANDARD_CONTRACT5': '',
          'TODAY': '',
          'Text1': 'ITR3',
          'VERSION_DATE': ''},
 'KEYS': {'CAMP_CATEGORY': 'CAMP_CATEGORY',
          'CAMP_CODE': 'CAMP_CODE',
          'CAMP_CODE_STR': 'CAMP_CODE_STR',
          'CAMP_END_DATE': 'CAMP_END_DATE',
          'CAMP_NAME': 'CAMP_NAME',
          'CAMP_NAME_STR': 'CAMP_NAME_STR',
          'CAMP_START_DATE': 'CAMP_START_DATE',
          'CUST_COUNTRY': 'CUST_COUNTRY',
          'CUST_EMAIL': 'CUST_EMAIL',
          'CUST_FIRST_NAME': 'CUST_FIRST_NAME',
          'CUST_FLAT_NUMBER': 'CUST_FLAT_NUMBER',
          'CUST_FLOOR_NUMBER': 'CUST_FLOOR_NUMBER',
          'CUST_FULL_NAME': 'CUST_FULL_NAME',
          'CUST_LAST_NAME': 'CUST_LAST_NAME',
          'CUST_PHONE': 'CUST_PHONE',
          'CUST_POSTAL_CODE': 'CUST_POSTAL_CODE',
          'CUST_STREET_NAME': 'CUST_STREET_NAME',
          'CUST_STREET_NUMBER': 'CUST_STREET_NUMBER',
          'CUST_TYPE': 'CUST_TYPE',
          'DATASET': 'DATASET',
          'EDI_ACTIONDATE': 'EDI_ACTIONDATE',
          'EDI_CREATION_DATE': 'EDI_CREATION_DATE',
          'GRID_AREA': 'GRID_AREA',
          'LEAD_ADDITIONAL_PHONE1': 'LEAD_ADDITIONAL_PHONE1',
          'LEAD_ADDITIONAL_PHONE2': 'LEAD_ADDITIONAL_PHONE2',
          'LEAD_COUNTRY_CODE': 'LEAD_COUNTRY_CODE',
          'LEAD_EMAIL': 'LEAD_EMAIL',
          'LEAD_FIRST_NAME': 'LEAD_FIRST_NAME',
          'LEAD_FULL_NAME': 'LEAD_FULL_NAME',
          'LEAD_LANGUAGE': 'LEAD_LANGUAGE',
          'LEAD_LAST_NAME': 'LEAD_LAST_NAME',
          'LEAD_MAIN_PHONE': 'LEAD_MAIN_PHONE',
          'LEAD_TYPE': 'LEAD_TYPE',
          'MKT_LIST_NAME': 'MKT_LIST_NAME',
          'MKT_LIST_STR': 'MKT_LIST_STR',
          'PRICE_DATE': 'PRICE_DATE',
          'RESPONSE_DUE_DATE_EXTERNAL': 'RESPONSE_DUE_DATE_EXTERNAL',
          'RESPONSE_DUE_DATE_INTERNAL': 'RESPONSE_DUE_DATE_INTERNAL',
          'RESTRICTION_CODE_1': 'RESTRICTION_CODE_1',
          'RESTRICTION_CODE_2': 'RESTRICTION_CODE_2',
          'RESTRICTION_VALUE_1': 'RESTRICTION_VALUE_1',
          'RESTRICTION_VALUE_2': 'RESTRICTION_VALUE_2',
          'STANDARD_CONTRACT1': 'STANDARD_CONTRACT1',
          'STANDARD_CONTRACT2': 'STANDARD_CONTRACT2',
          'STANDARD_CONTRACT3': 'STANDARD_CONTRACT3',
          'STANDARD_CONTRACT4': 'STANDARD_CONTRACT4',
          'STANDARD_CONTRACT5': 'STANDARD_CONTRACT5',
          'TODAY': 'TODAY',
          'Text1': 'Text1',
          'VERSION_DATE': 'VERSION_DATE'}} | 'C:\\Users\\nshinde\\PycharmProjects\\AutomATAhon\\RFProject\\Project1\\results\\Test Google Search_TestData_QA' | '|' ]</msg>
<msg timestamp="20201204 11:37:34.339" level="INFO">KEYS                           ITR1  ITR2  ITR3
Text1                                            Text1                           ITR1  ITR2  ITR3
DATASET                                        DATASET                           SET2            
CUST_FIRST_NAME                        CUST_FIRST_NAME                         ATCust            
CUST_LAST_NAME                          CUST_LAST_NAME                     %CUST_SSN%            
CUST_FULL_NAME                          CUST_FULL_NAME              ATCust %CUST_SSN%            
CUST_TYPE                                    CUST_TYPE                       personal            
CUST_STREET_NAME                      CUST_STREET_NAME                      Test str.            
CUST_STREET_NUMBER                  CUST_STREET_NUMBER                              1            
CUST_FLAT_NUMBER                      CUST_FLAT_NUMBER                              4            
CUST_FLOOR_NUMBER                    CUST_FLOOR_NUMBER                              2            
CUST_POSTAL_CODE                      CUST_POSTAL_CODE                          10005            
CUST_COUNTRY                              CUST_COUNTRY                        SVERIGE            
CUST_EMAIL                                  CUST_EMAIL    ATCust.%CUST_SSN%@tieto.com            
CUST_PHONE                                  CUST_PHONE                       12345778            
TODAY                                            TODAY                     2020-12-04            
CAMP_NAME_STR                            CAMP_NAME_STR                        AT_CAMP            
CAMP_NAME                                    CAMP_NAME            AT_CAMP_%CUST_CODE%            
CAMP_CODE_STR                            CAMP_CODE_STR                        AT_CAMP            
CAMP_CODE                                    CAMP_CODE            AT_CAMP_%CUST_CODE%            
CAMP_START_DATE                        CAMP_START_DATE              [today,date,-3,m]            
CAMP_END_DATE                            CAMP_END_DATE               [today,date,1,y]            
CAMP_CATEGORY                            CAMP_CATEGORY                              1            
RESPONSE_DUE_DATE_INTERNAL  RESPONSE_DUE_DATE_INTERNAL                     2020-12-04            
RESPONSE_DUE_DATE_EXTERNAL  RESPONSE_DUE_DATE_EXTERNAL                     2020-12-04            
VERSION_DATE                              VERSION_DATE              [today,date,-3,y]            
PRICE_DATE                                  PRICE_DATE          [today,date,-30,days]            
GRID_AREA                                    GRID_AREA                            SML            
STANDARD_CONTRACT1                  STANDARD_CONTRACT1                           1876            
STANDARD_CONTRACT2                  STANDARD_CONTRACT2                                           
STANDARD_CONTRACT3                  STANDARD_CONTRACT3                                           
STANDARD_CONTRACT4                  STANDARD_CONTRACT4                                           
STANDARD_CONTRACT5                  STANDARD_CONTRACT5                                           
MKT_LIST_STR                              MKT_LIST_STR                           ATML            
MKT_LIST_NAME                            MKT_LIST_NAME               ATML_%CUST_CODE%            
LEAD_FIRST_NAME                        LEAD_FIRST_NAME                         ATLead            
LEAD_LAST_NAME                          LEAD_LAST_NAME                   190707218954            
LEAD_TYPE                                    LEAD_TYPE                    Residential            
LEAD_LANGUAGE                            LEAD_LANGUAGE                             sv            
LEAD_FULL_NAME                          LEAD_FULL_NAME            ATLead 190707218954            
LEAD_EMAIL                                  LEAD_EMAIL  ATLead.190707218954@tieto.com            
LEAD_MAIN_PHONE                        LEAD_MAIN_PHONE                   985632145874            
LEAD_ADDITIONAL_PHONE1          LEAD_ADDITIONAL_PHONE1                      452369874            
LEAD_ADDITIONAL_PHONE2          LEAD_ADDITIONAL_PHONE2                       23658974            
LEAD_COUNTRY_CODE                    LEAD_COUNTRY_CODE                             SE            
RESTRICTION_CODE_1                  RESTRICTION_CODE_1         PERSONALIZED_MARKETING            
RESTRICTION_VALUE_1                RESTRICTION_VALUE_1                           true            
RESTRICTION_CODE_2                  RESTRICTION_CODE_2                      PROFILING            
RESTRICTION_VALUE_2                RESTRICTION_VALUE_2                          false            
EDI_ACTIONDATE                          EDI_ACTIONDATE                     2020-12-04            
EDI_CREATION_DATE                    EDI_CREATION_DATE                     2020-12-04</msg>
<msg timestamp="20201204 11:37:34.339" level="TRACE">Return: None</msg>
<status status="PASS" starttime="20201204 11:37:34.323" endtime="20201204 11:37:34.339"></status>
</kw>
<kw name="Log" library="BuiltIn">
<doc>Logs the given message with the given level.</doc>
<arguments>
<arg>Test data '${OUTPUT DIR}\\${TEST NAME}_TestData_${ENV}.csv' file create in result folder</arg>
</arguments>
<msg timestamp="20201204 11:37:34.340" level="TRACE">Arguments: [ "Test data 'C:\\Users\\nshinde\\PycharmProjects\\AutomATAhon\\RFProject\\Project1\\results\\Test Google Search_TestData_QA.csv' file create in result folder" ]</msg>
<msg timestamp="20201204 11:37:34.340" level="INFO">Test data 'C:\Users\nshinde\PycharmProjects\AutomATAhon\RFProject\Project1\results\Test Google Search_TestData_QA.csv' file create in result folder</msg>
<msg timestamp="20201204 11:37:34.340" level="TRACE">Return: None</msg>
<status status="PASS" starttime="20201204 11:37:34.340" endtime="20201204 11:37:34.340"></status>
</kw>
<msg timestamp="20201204 11:37:34.340" level="TRACE">Return: None</msg>
<status status="PASS" starttime="20201204 11:37:34.317" endtime="20201204 11:37:34.340"></status>
</kw>
<msg timestamp="20201204 11:37:34.340" level="TRACE">Return: None</msg>
<status status="PASS" starttime="20201204 11:37:32.299" endtime="20201204 11:37:34.340"></status>
</kw>
<kw name="After Web Test End" library="common_keywords" type="teardown">
<doc>Close all browser
Author : Niket Shinde</doc>
<msg timestamp="20201204 11:37:34.341" level="TRACE">Arguments: [  ]</msg>
<kw name="No Operation" library="BuiltIn">
<doc>Does absolutely nothing.</doc>
<msg timestamp="20201204 11:37:34.341" level="TRACE">Arguments: [  ]</msg>
<msg timestamp="20201204 11:37:34.341" level="TRACE">Return: None</msg>
<status status="PASS" starttime="20201204 11:37:34.341" endtime="20201204 11:37:34.342"></status>
</kw>
<kw name="Close All Browsers" library="SeleniumLibrary">
<doc>Closes all open browsers and resets the browser cache.</doc>
<msg timestamp="20201204 11:37:34.342" level="TRACE">Arguments: [  ]</msg>
<msg timestamp="20201204 11:37:34.342" level="DEBUG">Closing all browsers.</msg>
<msg timestamp="20201204 11:37:34.342" level="DEBUG">DELETE http://127.0.0.1:62950/session/df0b131cd9cdf5f4e825e4dbaf27d1ff {}</msg>
<msg timestamp="20201204 11:37:34.407" level="DEBUG">http://127.0.0.1:62950 "DELETE /session/df0b131cd9cdf5f4e825e4dbaf27d1ff HTTP/1.1" 200 14</msg>
<msg timestamp="20201204 11:37:34.409" level="DEBUG">Finished Request</msg>
<msg timestamp="20201204 11:37:36.499" level="TRACE">Return: None</msg>
<status status="PASS" starttime="20201204 11:37:34.342" endtime="20201204 11:37:36.499"></status>
</kw>
<msg timestamp="20201204 11:37:36.500" level="TRACE">Return: None</msg>
<status status="PASS" starttime="20201204 11:37:34.341" endtime="20201204 11:37:36.500"></status>
</kw>
<doc>Test Google Search, *Author:Niket*</doc>
<tags>
<tag>Force Tags</tag>
<tag>SmokeTest Critcal</tag>
</tags>
<status status="PASS" starttime="20201204 11:37:27.098" endtime="20201204 11:37:36.500" critical="yes"></status>
</test>
<kw name="After Suite End" library="common_keywords" type="teardown">
<doc>After Suite End
Author : Niket Shinde</doc>
<msg timestamp="20201204 11:37:36.502" level="TRACE">Arguments: [  ]</msg>
<kw name="No Operation" library="BuiltIn">
<doc>Does absolutely nothing.</doc>
<msg timestamp="20201204 11:37:36.502" level="TRACE">Arguments: [  ]</msg>
<msg timestamp="20201204 11:37:36.502" level="TRACE">Return: None</msg>
<status status="PASS" starttime="20201204 11:37:36.502" endtime="20201204 11:37:36.502"></status>
</kw>
<msg timestamp="20201204 11:37:36.503" level="TRACE">Return: None</msg>
<status status="PASS" starttime="20201204 11:37:36.502" endtime="20201204 11:37:36.503"></status>
</kw>
<doc>All Test related to Google App</doc>
<metadata>
<item name="Browser">Chrome</item>
<item name="environment">QA</item>
<item name="Executed At">%{HOST}</item>
<item name="Executed By">nshinde</item>
<item name="Version">1.0</item>
</metadata>
<status status="PASS" starttime="20201204 11:37:26.473" endtime="20201204 11:37:36.503"></status>
</suite>
<statistics>
<total>
<stat pass="1" fail="0">Critical Tests</stat>
<stat pass="1" fail="0">All Tests</stat>
</total>
<tag>
<stat pass="1" fail="0">Force Tags</stat>
<stat pass="1" fail="0">SmokeTest Critcal</stat>
</tag>
<suite>
<stat pass="1" fail="0" id="s1" name="SmokeTest">SmokeTest</stat>
</suite>
</statistics>
<errors>
</errors>
</robot>
